{"/Users/sandrasanzgonzalez/Documents/Sushi App/src/components/LoadingSpinner.tsx": {"path":"/Users/sandrasanzgonzalez/Documents/Sushi App/src/components/LoadingSpinner.tsx","statementMap":{"0":{"start":{"line":7,"column":2},"end":{"line":11,"column":4}},"1":{"start":{"line":14,"column":15},"end":{"line":20,"column":2}}},"fnMap":{"0":{"name":"LoadingSpinner","decl":{"start":{"line":6,"column":24},"end":{"line":6,"column":38}},"loc":{"start":{"line":6,"column":41},"end":{"line":12,"column":1}},"line":6}},"branchMap":{},"s":{"0":2,"1":1},"f":{"0":2},"b":{},"_coverageSchema":"1a1c01bbd47fc00a2c39e90264f33305004495a9","hash":"92c140f4df6a5439912b4f4ff3f3cc7307e4b277"}
,"/Users/sandrasanzgonzalez/Documents/Sushi App/src/context/AuthContext.tsx": {"path":"/Users/sandrasanzgonzalez/Documents/Sushi App/src/context/AuthContext.tsx","statementMap":{"0":{"start":{"line":13,"column":20},"end":{"line":13,"column":73}},"1":{"start":{"line":15,"column":69},"end":{"line":52,"column":1}},"2":{"start":{"line":16,"column":26},"end":{"line":16,"column":53}},"3":{"start":{"line":17,"column":32},"end":{"line":17,"column":46}},"4":{"start":{"line":19,"column":2},"end":{"line":40,"column":9}},"5":{"start":{"line":21,"column":4},"end":{"line":29,"column":9}},"6":{"start":{"line":23,"column":8},"end":{"line":23,"column":39}},"7":{"start":{"line":24,"column":8},"end":{"line":24,"column":26}},"8":{"start":{"line":27,"column":8},"end":{"line":27,"column":51}},"9":{"start":{"line":28,"column":8},"end":{"line":28,"column":26}},"10":{"start":{"line":34,"column":8},"end":{"line":37,"column":6}},"11":{"start":{"line":35,"column":6},"end":{"line":35,"column":37}},"12":{"start":{"line":36,"column":6},"end":{"line":36,"column":24}},"13":{"start":{"line":39,"column":4},"end":{"line":39,"column":44}},"14":{"start":{"line":39,"column":17},"end":{"line":39,"column":43}},"15":{"start":{"line":42,"column":18},"end":{"line":45,"column":3}},"16":{"start":{"line":43,"column":4},"end":{"line":43,"column":34}},"17":{"start":{"line":44,"column":4},"end":{"line":44,"column":18}},"18":{"start":{"line":47,"column":2},"end":{"line":51,"column":4}},"19":{"start":{"line":54,"column":23},"end":{"line":60,"column":1}},"20":{"start":{"line":55,"column":18},"end":{"line":55,"column":41}},"21":{"start":{"line":56,"column":2},"end":{"line":58,"column":3}},"22":{"start":{"line":57,"column":4},"end":{"line":57,"column":67}},"23":{"start":{"line":59,"column":2},"end":{"line":59,"column":17}}},"fnMap":{"0":{"name":"(anonymous_0)","decl":{"start":{"line":15,"column":69},"end":{"line":15,"column":70}},"loc":{"start":{"line":15,"column":87},"end":{"line":52,"column":1}},"line":15},"1":{"name":"(anonymous_1)","decl":{"start":{"line":19,"column":12},"end":{"line":19,"column":13}},"loc":{"start":{"line":19,"column":18},"end":{"line":40,"column":3}},"line":19},"2":{"name":"(anonymous_2)","decl":{"start":{"line":22,"column":12},"end":{"line":22,"column":13}},"loc":{"start":{"line":22,"column":39},"end":{"line":25,"column":7}},"line":22},"3":{"name":"(anonymous_3)","decl":{"start":{"line":26,"column":13},"end":{"line":26,"column":14}},"loc":{"start":{"line":26,"column":24},"end":{"line":29,"column":7}},"line":26},"4":{"name":"(anonymous_4)","decl":{"start":{"line":34,"column":40},"end":{"line":34,"column":41}},"loc":{"start":{"line":34,"column":61},"end":{"line":37,"column":5}},"line":34},"5":{"name":"(anonymous_5)","decl":{"start":{"line":39,"column":11},"end":{"line":39,"column":12}},"loc":{"start":{"line":39,"column":17},"end":{"line":39,"column":43}},"line":39},"6":{"name":"(anonymous_6)","decl":{"start":{"line":42,"column":18},"end":{"line":42,"column":19}},"loc":{"start":{"line":42,"column":30},"end":{"line":45,"column":3}},"line":42},"7":{"name":"(anonymous_7)","decl":{"start":{"line":54,"column":23},"end":{"line":54,"column":24}},"loc":{"start":{"line":54,"column":29},"end":{"line":60,"column":1}},"line":54}},"branchMap":{"0":{"loc":{"start":{"line":23,"column":16},"end":{"line":23,"column":37}},"type":"binary-expr","locations":[{"start":{"line":23,"column":16},"end":{"line":23,"column":29}},{"start":{"line":23,"column":33},"end":{"line":23,"column":37}}],"line":23},"1":{"loc":{"start":{"line":35,"column":14},"end":{"line":35,"column":35}},"type":"binary-expr","locations":[{"start":{"line":35,"column":14},"end":{"line":35,"column":27}},{"start":{"line":35,"column":31},"end":{"line":35,"column":35}}],"line":35},"2":{"loc":{"start":{"line":56,"column":2},"end":{"line":58,"column":3}},"type":"if","locations":[{"start":{"line":56,"column":2},"end":{"line":58,"column":3}},{"start":{},"end":{}}],"line":56}},"s":{"0":2,"1":2,"2":24,"3":24,"4":24,"5":11,"6":10,"7":10,"8":1,"9":1,"10":11,"11":6,"12":6,"13":11,"14":11,"15":24,"16":1,"17":1,"18":24,"19":2,"20":15,"21":15,"22":2,"23":13},"f":{"0":24,"1":11,"2":10,"3":1,"4":6,"5":11,"6":1,"7":15},"b":{"0":[10,8],"1":[6,5],"2":[2,13]},"_coverageSchema":"1a1c01bbd47fc00a2c39e90264f33305004495a9","hash":"b90b59b221679a526d60bdb9fa860741baecb691"}
,"/Users/sandrasanzgonzalez/Documents/Sushi App/src/context/CartContext.tsx": {"path":"/Users/sandrasanzgonzalez/Documents/Sushi App/src/context/CartContext.tsx","statementMap":{"0":{"start":{"line":17,"column":20},"end":{"line":17,"column":73}},"1":{"start":{"line":18,"column":25},"end":{"line":18,"column":44}},"2":{"start":{"line":20,"column":69},"end":{"line":106,"column":1}},"3":{"start":{"line":21,"column":28},"end":{"line":21,"column":52}},"4":{"start":{"line":24,"column":2},"end":{"line":26,"column":9}},"5":{"start":{"line":25,"column":4},"end":{"line":25,"column":15}},"6":{"start":{"line":29,"column":2},"end":{"line":31,"column":14}},"7":{"start":{"line":30,"column":4},"end":{"line":30,"column":15}},"8":{"start":{"line":33,"column":19},"end":{"line":42,"column":3}},"9":{"start":{"line":34,"column":4},"end":{"line":41,"column":5}},"10":{"start":{"line":35,"column":21},"end":{"line":35,"column":65}},"11":{"start":{"line":36,"column":6},"end":{"line":38,"column":7}},"12":{"start":{"line":37,"column":8},"end":{"line":37,"column":37}},"13":{"start":{"line":40,"column":6},"end":{"line":40,"column":50}},"14":{"start":{"line":44,"column":19},"end":{"line":50,"column":3}},"15":{"start":{"line":45,"column":4},"end":{"line":49,"column":5}},"16":{"start":{"line":46,"column":6},"end":{"line":46,"column":74}},"17":{"start":{"line":48,"column":6},"end":{"line":48,"column":49}},"18":{"start":{"line":52,"column":18},"end":{"line":62,"column":8}},"19":{"start":{"line":53,"column":4},"end":{"line":61,"column":7}},"20":{"start":{"line":54,"column":27},"end":{"line":54,"column":66}},"21":{"start":{"line":54,"column":49},"end":{"line":54,"column":65}},"22":{"start":{"line":55,"column":6},"end":{"line":59,"column":7}},"23":{"start":{"line":56,"column":8},"end":{"line":58,"column":10}},"24":{"start":{"line":57,"column":10},"end":{"line":57,"column":67}},"25":{"start":{"line":60,"column":6},"end":{"line":60,"column":54}},"26":{"start":{"line":64,"column":21},"end":{"line":66,"column":8}},"27":{"start":{"line":65,"column":4},"end":{"line":65,"column":70}},"28":{"start":{"line":65,"column":28},"end":{"line":65,"column":68}},"29":{"start":{"line":65,"column":52},"end":{"line":65,"column":67}},"30":{"start":{"line":68,"column":25},"end":{"line":76,"column":18}},"31":{"start":{"line":69,"column":4},"end":{"line":72,"column":5}},"32":{"start":{"line":70,"column":6},"end":{"line":70,"column":25}},"33":{"start":{"line":71,"column":6},"end":{"line":71,"column":13}},"34":{"start":{"line":73,"column":4},"end":{"line":75,"column":6}},"35":{"start":{"line":74,"column":6},"end":{"line":74,"column":70}},"36":{"start":{"line":74,"column":28},"end":{"line":74,"column":68}},"37":{"start":{"line":78,"column":20},"end":{"line":81,"column":8}},"38":{"start":{"line":79,"column":4},"end":{"line":79,"column":17}},"39":{"start":{"line":80,"column":4},"end":{"line":80,"column":46}},"40":{"start":{"line":83,"column":19},"end":{"line":85,"column":13}},"41":{"start":{"line":84,"column":4},"end":{"line":84,"column":76}},"42":{"start":{"line":84,"column":39},"end":{"line":84,"column":71}},"43":{"start":{"line":87,"column":23},"end":{"line":89,"column":13}},"44":{"start":{"line":88,"column":4},"end":{"line":88,"column":63}},"45":{"start":{"line":88,"column":39},"end":{"line":88,"column":58}},"46":{"start":{"line":91,"column":2},"end":{"line":105,"column":4}},"47":{"start":{"line":108,"column":23},"end":{"line":114,"column":1}},"48":{"start":{"line":109,"column":18},"end":{"line":109,"column":41}},"49":{"start":{"line":110,"column":2},"end":{"line":112,"column":3}},"50":{"start":{"line":111,"column":4},"end":{"line":111,"column":66}},"51":{"start":{"line":113,"column":2},"end":{"line":113,"column":17}}},"fnMap":{"0":{"name":"(anonymous_0)","decl":{"start":{"line":20,"column":69},"end":{"line":20,"column":70}},"loc":{"start":{"line":20,"column":87},"end":{"line":106,"column":1}},"line":20},"1":{"name":"(anonymous_1)","decl":{"start":{"line":24,"column":18},"end":{"line":24,"column":19}},"loc":{"start":{"line":24,"column":24},"end":{"line":26,"column":3}},"line":24},"2":{"name":"(anonymous_2)","decl":{"start":{"line":29,"column":18},"end":{"line":29,"column":19}},"loc":{"start":{"line":29,"column":24},"end":{"line":31,"column":3}},"line":29},"3":{"name":"(anonymous_3)","decl":{"start":{"line":33,"column":19},"end":{"line":33,"column":20}},"loc":{"start":{"line":33,"column":31},"end":{"line":42,"column":3}},"line":33},"4":{"name":"(anonymous_4)","decl":{"start":{"line":44,"column":19},"end":{"line":44,"column":20}},"loc":{"start":{"line":44,"column":31},"end":{"line":50,"column":3}},"line":44},"5":{"name":"(anonymous_5)","decl":{"start":{"line":52,"column":30},"end":{"line":52,"column":31}},"loc":{"start":{"line":52,"column":68},"end":{"line":62,"column":3}},"line":52},"6":{"name":"(anonymous_6)","decl":{"start":{"line":53,"column":13},"end":{"line":53,"column":14}},"loc":{"start":{"line":53,"column":28},"end":{"line":61,"column":5}},"line":53},"7":{"name":"(anonymous_7)","decl":{"start":{"line":54,"column":42},"end":{"line":54,"column":43}},"loc":{"start":{"line":54,"column":49},"end":{"line":54,"column":65}},"line":54},"8":{"name":"(anonymous_8)","decl":{"start":{"line":56,"column":29},"end":{"line":56,"column":30}},"loc":{"start":{"line":57,"column":10},"end":{"line":57,"column":67}},"line":57},"9":{"name":"(anonymous_9)","decl":{"start":{"line":64,"column":33},"end":{"line":64,"column":34}},"loc":{"start":{"line":64,"column":53},"end":{"line":66,"column":3}},"line":64},"10":{"name":"(anonymous_10)","decl":{"start":{"line":65,"column":13},"end":{"line":65,"column":14}},"loc":{"start":{"line":65,"column":28},"end":{"line":65,"column":68}},"line":65},"11":{"name":"(anonymous_11)","decl":{"start":{"line":65,"column":45},"end":{"line":65,"column":46}},"loc":{"start":{"line":65,"column":52},"end":{"line":65,"column":67}},"line":65},"12":{"name":"(anonymous_12)","decl":{"start":{"line":68,"column":37},"end":{"line":68,"column":38}},"loc":{"start":{"line":68,"column":75},"end":{"line":76,"column":3}},"line":68},"13":{"name":"(anonymous_13)","decl":{"start":{"line":73,"column":13},"end":{"line":73,"column":14}},"loc":{"start":{"line":74,"column":6},"end":{"line":74,"column":70}},"line":74},"14":{"name":"(anonymous_14)","decl":{"start":{"line":74,"column":20},"end":{"line":74,"column":21}},"loc":{"start":{"line":74,"column":28},"end":{"line":74,"column":68}},"line":74},"15":{"name":"(anonymous_15)","decl":{"start":{"line":78,"column":32},"end":{"line":78,"column":33}},"loc":{"start":{"line":78,"column":38},"end":{"line":81,"column":3}},"line":78},"16":{"name":"(anonymous_16)","decl":{"start":{"line":83,"column":31},"end":{"line":83,"column":32}},"loc":{"start":{"line":83,"column":37},"end":{"line":85,"column":3}},"line":83},"17":{"name":"(anonymous_17)","decl":{"start":{"line":84,"column":24},"end":{"line":84,"column":25}},"loc":{"start":{"line":84,"column":39},"end":{"line":84,"column":71}},"line":84},"18":{"name":"(anonymous_18)","decl":{"start":{"line":87,"column":35},"end":{"line":87,"column":36}},"loc":{"start":{"line":87,"column":41},"end":{"line":89,"column":3}},"line":87},"19":{"name":"(anonymous_19)","decl":{"start":{"line":88,"column":24},"end":{"line":88,"column":25}},"loc":{"start":{"line":88,"column":39},"end":{"line":88,"column":58}},"line":88},"20":{"name":"(anonymous_20)","decl":{"start":{"line":108,"column":23},"end":{"line":108,"column":24}},"loc":{"start":{"line":108,"column":29},"end":{"line":114,"column":1}},"line":108}},"branchMap":{"0":{"loc":{"start":{"line":36,"column":6},"end":{"line":38,"column":7}},"type":"if","locations":[{"start":{"line":36,"column":6},"end":{"line":38,"column":7}},{"start":{},"end":{}}],"line":36},"1":{"loc":{"start":{"line":55,"column":6},"end":{"line":59,"column":7}},"type":"if","locations":[{"start":{"line":55,"column":6},"end":{"line":59,"column":7}},{"start":{},"end":{}}],"line":55},"2":{"loc":{"start":{"line":57,"column":10},"end":{"line":57,"column":67}},"type":"cond-expr","locations":[{"start":{"line":57,"column":29},"end":{"line":57,"column":63}},{"start":{"line":57,"column":66},"end":{"line":57,"column":67}}],"line":57},"3":{"loc":{"start":{"line":69,"column":4},"end":{"line":72,"column":5}},"type":"if","locations":[{"start":{"line":69,"column":4},"end":{"line":72,"column":5}},{"start":{},"end":{}}],"line":69},"4":{"loc":{"start":{"line":74,"column":28},"end":{"line":74,"column":68}},"type":"cond-expr","locations":[{"start":{"line":74,"column":46},"end":{"line":74,"column":64}},{"start":{"line":74,"column":67},"end":{"line":74,"column":68}}],"line":74},"5":{"loc":{"start":{"line":110,"column":2},"end":{"line":112,"column":3}},"type":"if","locations":[{"start":{"line":110,"column":2},"end":{"line":112,"column":3}},{"start":{},"end":{}}],"line":110}},"s":{"0":1,"1":1,"2":1,"3":17,"4":17,"5":9,"6":17,"7":17,"8":17,"9":9,"10":9,"11":9,"12":0,"13":0,"14":17,"15":17,"16":17,"17":0,"18":17,"19":12,"20":12,"21":4,"22":12,"23":1,"24":1,"25":11,"26":17,"27":2,"28":2,"29":2,"30":17,"31":4,"32":1,"33":1,"34":3,"35":3,"36":5,"37":17,"38":1,"39":1,"40":17,"41":1,"42":2,"43":17,"44":1,"45":2,"46":17,"47":1,"48":17,"49":17,"50":0,"51":17},"f":{"0":17,"1":9,"2":17,"3":9,"4":17,"5":12,"6":12,"7":4,"8":1,"9":2,"10":2,"11":2,"12":4,"13":3,"14":5,"15":1,"16":1,"17":2,"18":1,"19":2,"20":17},"b":{"0":[0,9],"1":[1,11],"2":[1,0],"3":[1,3],"4":[3,2],"5":[0,17]},"_coverageSchema":"1a1c01bbd47fc00a2c39e90264f33305004495a9","hash":"bddfe0a79d092a7f2cd651f8aaac253afa9a5eab"}
,"/Users/sandrasanzgonzalez/Documents/Sushi App/src/context/RegionContext.tsx": {"path":"/Users/sandrasanzgonzalez/Documents/Sushi App/src/context/RegionContext.tsx","statementMap":{"0":{"start":{"line":12,"column":22},"end":{"line":12,"column":77}},"1":{"start":{"line":13,"column":27},"end":{"line":13,"column":48}},"2":{"start":{"line":15,"column":71},"end":{"line":47,"column":1}},"3":{"start":{"line":16,"column":35},"end":{"line":16,"column":57}},"4":{"start":{"line":18,"column":2},"end":{"line":20,"column":9}},"5":{"start":{"line":19,"column":4},"end":{"line":19,"column":17}},"6":{"start":{"line":22,"column":21},"end":{"line":31,"column":3}},"7":{"start":{"line":23,"column":4},"end":{"line":30,"column":5}},"8":{"start":{"line":24,"column":21},"end":{"line":24,"column":67}},"9":{"start":{"line":25,"column":6},"end":{"line":27,"column":7}},"10":{"start":{"line":26,"column":8},"end":{"line":26,"column":31}},"11":{"start":{"line":29,"column":6},"end":{"line":29,"column":52}},"12":{"start":{"line":33,"column":20},"end":{"line":40,"column":3}},"13":{"start":{"line":34,"column":4},"end":{"line":34,"column":30}},"14":{"start":{"line":35,"column":4},"end":{"line":39,"column":5}},"15":{"start":{"line":36,"column":6},"end":{"line":36,"column":64}},"16":{"start":{"line":38,"column":6},"end":{"line":38,"column":51}},"17":{"start":{"line":42,"column":2},"end":{"line":46,"column":4}},"18":{"start":{"line":49,"column":25},"end":{"line":55,"column":1}},"19":{"start":{"line":50,"column":18},"end":{"line":50,"column":43}},"20":{"start":{"line":51,"column":2},"end":{"line":53,"column":3}},"21":{"start":{"line":52,"column":4},"end":{"line":52,"column":70}},"22":{"start":{"line":54,"column":2},"end":{"line":54,"column":17}}},"fnMap":{"0":{"name":"(anonymous_0)","decl":{"start":{"line":15,"column":71},"end":{"line":15,"column":72}},"loc":{"start":{"line":15,"column":89},"end":{"line":47,"column":1}},"line":15},"1":{"name":"(anonymous_1)","decl":{"start":{"line":18,"column":12},"end":{"line":18,"column":13}},"loc":{"start":{"line":18,"column":18},"end":{"line":20,"column":3}},"line":18},"2":{"name":"(anonymous_2)","decl":{"start":{"line":22,"column":21},"end":{"line":22,"column":22}},"loc":{"start":{"line":22,"column":33},"end":{"line":31,"column":3}},"line":22},"3":{"name":"(anonymous_3)","decl":{"start":{"line":33,"column":20},"end":{"line":33,"column":21}},"loc":{"start":{"line":33,"column":49},"end":{"line":40,"column":3}},"line":33},"4":{"name":"(anonymous_4)","decl":{"start":{"line":49,"column":25},"end":{"line":49,"column":26}},"loc":{"start":{"line":49,"column":31},"end":{"line":55,"column":1}},"line":49}},"branchMap":{"0":{"loc":{"start":{"line":25,"column":6},"end":{"line":27,"column":7}},"type":"if","locations":[{"start":{"line":25,"column":6},"end":{"line":27,"column":7}},{"start":{},"end":{}}],"line":25},"1":{"loc":{"start":{"line":25,"column":10},"end":{"line":25,"column":56}},"type":"binary-expr","locations":[{"start":{"line":25,"column":10},"end":{"line":25,"column":16}},{"start":{"line":25,"column":21},"end":{"line":25,"column":36}},{"start":{"line":25,"column":40},"end":{"line":25,"column":55}}],"line":25},"2":{"loc":{"start":{"line":51,"column":2},"end":{"line":53,"column":3}},"type":"if","locations":[{"start":{"line":51,"column":2},"end":{"line":53,"column":3}},{"start":{},"end":{}}],"line":51}},"s":{"0":1,"1":1,"2":1,"3":9,"4":9,"5":6,"6":9,"7":6,"8":6,"9":5,"10":1,"11":1,"12":9,"13":2,"14":2,"15":2,"16":1,"17":9,"18":1,"19":11,"20":11,"21":2,"22":9},"f":{"0":9,"1":6,"2":6,"3":2,"4":11},"b":{"0":[1,4],"1":[5,2,2],"2":[2,9]},"_coverageSchema":"1a1c01bbd47fc00a2c39e90264f33305004495a9","hash":"0161ae17ae86d3a835e320378180c747e13e740d"}
,"/Users/sandrasanzgonzalez/Documents/Sushi App/src/hooks/useFoxyProducts.ts": {"path":"/Users/sandrasanzgonzalez/Documents/Sushi App/src/hooks/useFoxyProducts.ts","statementMap":{"0":{"start":{"line":8,"column":28},"end":{"line":17,"column":1}},"1":{"start":{"line":9,"column":21},"end":{"line":9,"column":32}},"2":{"start":{"line":11,"column":2},"end":{"line":16,"column":5}},"3":{"start":{"line":13,"column":19},"end":{"line":13,"column":66}},"4":{"start":{"line":19,"column":27},"end":{"line":27,"column":1}},"5":{"start":{"line":20,"column":2},"end":{"line":26,"column":5}},"6":{"start":{"line":22,"column":19},"end":{"line":22,"column":53}},"7":{"start":{"line":29,"column":29},"end":{"line":36,"column":1}},"8":{"start":{"line":30,"column":2},"end":{"line":35,"column":5}},"9":{"start":{"line":32,"column":19},"end":{"line":32,"column":49}}},"fnMap":{"0":{"name":"(anonymous_0)","decl":{"start":{"line":8,"column":28},"end":{"line":8,"column":29}},"loc":{"start":{"line":8,"column":53},"end":{"line":17,"column":1}},"line":8},"1":{"name":"(anonymous_1)","decl":{"start":{"line":13,"column":13},"end":{"line":13,"column":14}},"loc":{"start":{"line":13,"column":19},"end":{"line":13,"column":66}},"line":13},"2":{"name":"(anonymous_2)","decl":{"start":{"line":19,"column":27},"end":{"line":19,"column":28}},"loc":{"start":{"line":19,"column":47},"end":{"line":27,"column":1}},"line":19},"3":{"name":"(anonymous_3)","decl":{"start":{"line":22,"column":13},"end":{"line":22,"column":14}},"loc":{"start":{"line":22,"column":19},"end":{"line":22,"column":53}},"line":22},"4":{"name":"(anonymous_4)","decl":{"start":{"line":29,"column":29},"end":{"line":29,"column":30}},"loc":{"start":{"line":29,"column":35},"end":{"line":36,"column":1}},"line":29},"5":{"name":"(anonymous_5)","decl":{"start":{"line":32,"column":13},"end":{"line":32,"column":14}},"loc":{"start":{"line":32,"column":19},"end":{"line":32,"column":49}},"line":32}},"branchMap":{},"s":{"0":0,"1":0,"2":0,"3":0,"4":0,"5":0,"6":0,"7":0,"8":0,"9":0},"f":{"0":0,"1":0,"2":0,"3":0,"4":0,"5":0},"b":{}}
,"/Users/sandrasanzgonzalez/Documents/Sushi App/src/hooks/useLoyalty.ts": {"path":"/Users/sandrasanzgonzalez/Documents/Sushi App/src/hooks/useLoyalty.ts","statementMap":{"0":{"start":{"line":9,"column":26},"end":{"line":36,"column":1}},"1":{"start":{"line":10,"column":19},"end":{"line":10,"column":28}},"2":{"start":{"line":11,"column":32},"end":{"line":11,"column":62}},"3":{"start":{"line":12,"column":32},"end":{"line":12,"column":46}},"4":{"start":{"line":13,"column":28},"end":{"line":13,"column":56}},"5":{"start":{"line":15,"column":2},"end":{"line":33,"column":13}},"6":{"start":{"line":16,"column":4},"end":{"line":19,"column":5}},"7":{"start":{"line":17,"column":6},"end":{"line":17,"column":24}},"8":{"start":{"line":18,"column":6},"end":{"line":18,"column":13}},"9":{"start":{"line":21,"column":25},"end":{"line":30,"column":5}},"10":{"start":{"line":22,"column":6},"end":{"line":29,"column":7}},"11":{"start":{"line":23,"column":21},"end":{"line":23,"column":64}},"12":{"start":{"line":24,"column":8},"end":{"line":24,"column":25}},"13":{"start":{"line":26,"column":8},"end":{"line":26,"column":31}},"14":{"start":{"line":28,"column":8},"end":{"line":28,"column":26}},"15":{"start":{"line":32,"column":4},"end":{"line":32,"column":19}},"16":{"start":{"line":35,"column":2},"end":{"line":35,"column":37}}},"fnMap":{"0":{"name":"(anonymous_0)","decl":{"start":{"line":9,"column":26},"end":{"line":9,"column":27}},"loc":{"start":{"line":9,"column":32},"end":{"line":36,"column":1}},"line":9},"1":{"name":"(anonymous_1)","decl":{"start":{"line":15,"column":12},"end":{"line":15,"column":13}},"loc":{"start":{"line":15,"column":18},"end":{"line":33,"column":3}},"line":15},"2":{"name":"(anonymous_2)","decl":{"start":{"line":21,"column":25},"end":{"line":21,"column":26}},"loc":{"start":{"line":21,"column":37},"end":{"line":30,"column":5}},"line":21}},"branchMap":{"0":{"loc":{"start":{"line":16,"column":4},"end":{"line":19,"column":5}},"type":"if","locations":[{"start":{"line":16,"column":4},"end":{"line":19,"column":5}},{"start":{},"end":{}}],"line":16}},"s":{"0":1,"1":11,"2":11,"3":11,"4":11,"5":11,"6":6,"7":2,"8":2,"9":4,"10":4,"11":4,"12":3,"13":1,"14":4,"15":4,"16":11},"f":{"0":11,"1":6,"2":4},"b":{"0":[2,4]},"_coverageSchema":"1a1c01bbd47fc00a2c39e90264f33305004495a9","hash":"89848e017d207c63b5d21c91614a9242a13a5815"}
,"/Users/sandrasanzgonzalez/Documents/Sushi App/src/hooks/useOrderHistory.ts": {"path":"/Users/sandrasanzgonzalez/Documents/Sushi App/src/hooks/useOrderHistory.ts","statementMap":{"0":{"start":{"line":8,"column":31},"end":{"line":26,"column":1}},"1":{"start":{"line":9,"column":19},"end":{"line":9,"column":28}},"2":{"start":{"line":10,"column":30},"end":{"line":10,"column":61}},"3":{"start":{"line":11,"column":32},"end":{"line":11,"column":46}},"4":{"start":{"line":12,"column":28},"end":{"line":12,"column":56}},"5":{"start":{"line":14,"column":2},"end":{"line":23,"column":13}},"6":{"start":{"line":17,"column":4},"end":{"line":20,"column":5}},"7":{"start":{"line":18,"column":6},"end":{"line":18,"column":24}},"8":{"start":{"line":19,"column":6},"end":{"line":19,"column":13}},"9":{"start":{"line":22,"column":4},"end":{"line":22,"column":22}},"10":{"start":{"line":25,"column":2},"end":{"line":25,"column":36}}},"fnMap":{"0":{"name":"(anonymous_0)","decl":{"start":{"line":8,"column":31},"end":{"line":8,"column":32}},"loc":{"start":{"line":8,"column":37},"end":{"line":26,"column":1}},"line":8},"1":{"name":"(anonymous_1)","decl":{"start":{"line":14,"column":12},"end":{"line":14,"column":13}},"loc":{"start":{"line":14,"column":18},"end":{"line":23,"column":3}},"line":14}},"branchMap":{"0":{"loc":{"start":{"line":17,"column":4},"end":{"line":20,"column":5}},"type":"if","locations":[{"start":{"line":17,"column":4},"end":{"line":20,"column":5}},{"start":{},"end":{}}],"line":17}},"s":{"0":0,"1":0,"2":0,"3":0,"4":0,"5":0,"6":0,"7":0,"8":0,"9":0,"10":0},"f":{"0":0,"1":0},"b":{"0":[0,0]}}
,"/Users/sandrasanzgonzalez/Documents/Sushi App/src/navigation/AppTabs.tsx": {"path":"/Users/sandrasanzgonzalez/Documents/Sushi App/src/navigation/AppTabs.tsx","statementMap":{"0":{"start":{"line":20,"column":12},"end":{"line":20,"column":38}},"1":{"start":{"line":21,"column":14},"end":{"line":21,"column":63}},"2":{"start":{"line":25,"column":2},"end":{"line":48,"column":4}},"3":{"start":{"line":53,"column":2},"end":{"line":66,"column":4}},"4":{"start":{"line":71,"column":2},"end":{"line":89,"column":4}},"5":{"start":{"line":94,"column":2},"end":{"line":112,"column":4}},"6":{"start":{"line":116,"column":2},"end":{"line":157,"column":4}},"7":{"start":{"line":129,"column":37},"end":{"line":129,"column":41}},"8":{"start":{"line":137,"column":37},"end":{"line":137,"column":41}},"9":{"start":{"line":145,"column":37},"end":{"line":145,"column":41}},"10":{"start":{"line":153,"column":37},"end":{"line":153,"column":41}}},"fnMap":{"0":{"name":"MenuStack","decl":{"start":{"line":24,"column":9},"end":{"line":24,"column":18}},"loc":{"start":{"line":24,"column":21},"end":{"line":49,"column":1}},"line":24},"1":{"name":"OrdersStack","decl":{"start":{"line":52,"column":9},"end":{"line":52,"column":20}},"loc":{"start":{"line":52,"column":23},"end":{"line":67,"column":1}},"line":52},"2":{"name":"LoyaltyStack","decl":{"start":{"line":70,"column":9},"end":{"line":70,"column":21}},"loc":{"start":{"line":70,"column":24},"end":{"line":90,"column":1}},"line":70},"3":{"name":"ProfileStack","decl":{"start":{"line":93,"column":9},"end":{"line":93,"column":21}},"loc":{"start":{"line":93,"column":24},"end":{"line":113,"column":1}},"line":93},"4":{"name":"AppTabs","decl":{"start":{"line":115,"column":24},"end":{"line":115,"column":31}},"loc":{"start":{"line":115,"column":34},"end":{"line":158,"column":1}},"line":115},"5":{"name":"(anonymous_5)","decl":{"start":{"line":129,"column":22},"end":{"line":129,"column":23}},"loc":{"start":{"line":129,"column":37},"end":{"line":129,"column":41}},"line":129},"6":{"name":"(anonymous_6)","decl":{"start":{"line":137,"column":22},"end":{"line":137,"column":23}},"loc":{"start":{"line":137,"column":37},"end":{"line":137,"column":41}},"line":137},"7":{"name":"(anonymous_7)","decl":{"start":{"line":145,"column":22},"end":{"line":145,"column":23}},"loc":{"start":{"line":145,"column":37},"end":{"line":145,"column":41}},"line":145},"8":{"name":"(anonymous_8)","decl":{"start":{"line":153,"column":22},"end":{"line":153,"column":23}},"loc":{"start":{"line":153,"column":37},"end":{"line":153,"column":41}},"line":153}},"branchMap":{},"s":{"0":0,"1":0,"2":0,"3":0,"4":0,"5":0,"6":0,"7":0,"8":0,"9":0,"10":0},"f":{"0":0,"1":0,"2":0,"3":0,"4":0,"5":0,"6":0,"7":0,"8":0},"b":{}}
,"/Users/sandrasanzgonzalez/Documents/Sushi App/src/navigation/AuthStack.tsx": {"path":"/Users/sandrasanzgonzalez/Documents/Sushi App/src/navigation/AuthStack.tsx","statementMap":{"0":{"start":{"line":9,"column":14},"end":{"line":9,"column":63}},"1":{"start":{"line":12,"column":2},"end":{"line":31,"column":4}}},"fnMap":{"0":{"name":"AuthStack","decl":{"start":{"line":11,"column":24},"end":{"line":11,"column":33}},"loc":{"start":{"line":11,"column":36},"end":{"line":32,"column":1}},"line":11}},"branchMap":{},"s":{"0":0,"1":0},"f":{"0":0},"b":{}}
,"/Users/sandrasanzgonzalez/Documents/Sushi App/src/navigation/RootNavigator.tsx": {"path":"/Users/sandrasanzgonzalez/Documents/Sushi App/src/navigation/RootNavigator.tsx","statementMap":{"0":{"start":{"line":12,"column":14},"end":{"line":12,"column":63}},"1":{"start":{"line":15,"column":2},"end":{"line":19,"column":4}},"2":{"start":{"line":23,"column":22},"end":{"line":23,"column":31}},"3":{"start":{"line":25,"column":2},"end":{"line":27,"column":3}},"4":{"start":{"line":26,"column":4},"end":{"line":26,"column":29}},"5":{"start":{"line":29,"column":2},"end":{"line":38,"column":4}},"6":{"start":{"line":41,"column":15},"end":{"line":48,"column":2}}},"fnMap":{"0":{"name":"LoadingScreen","decl":{"start":{"line":14,"column":9},"end":{"line":14,"column":22}},"loc":{"start":{"line":14,"column":25},"end":{"line":20,"column":1}},"line":14},"1":{"name":"RootNavigator","decl":{"start":{"line":22,"column":24},"end":{"line":22,"column":37}},"loc":{"start":{"line":22,"column":40},"end":{"line":39,"column":1}},"line":22}},"branchMap":{"0":{"loc":{"start":{"line":25,"column":2},"end":{"line":27,"column":3}},"type":"if","locations":[{"start":{"line":25,"column":2},"end":{"line":27,"column":3}},{"start":{},"end":{}}],"line":25}},"s":{"0":0,"1":0,"2":0,"3":0,"4":0,"5":0,"6":0},"f":{"0":0,"1":0},"b":{"0":[0,0]}}
,"/Users/sandrasanzgonzalez/Documents/Sushi App/src/screens/auth/LoginScreen.tsx": {"path":"/Users/sandrasanzgonzalez/Documents/Sushi App/src/screens/auth/LoginScreen.tsx","statementMap":{"0":{"start":{"line":13,"column":21},"end":{"line":13,"column":63}},"1":{"start":{"line":14,"column":28},"end":{"line":14,"column":40}},"2":{"start":{"line":15,"column":34},"end":{"line":15,"column":46}},"3":{"start":{"line":16,"column":32},"end":{"line":16,"column":47}},"4":{"start":{"line":18,"column":22},"end":{"line":33,"column":3}},"5":{"start":{"line":19,"column":4},"end":{"line":22,"column":5}},"6":{"start":{"line":20,"column":6},"end":{"line":20,"column":62}},"7":{"start":{"line":21,"column":6},"end":{"line":21,"column":13}},"8":{"start":{"line":24,"column":4},"end":{"line":24,"column":21}},"9":{"start":{"line":25,"column":4},"end":{"line":32,"column":5}},"10":{"start":{"line":26,"column":6},"end":{"line":26,"column":52}},"11":{"start":{"line":29,"column":6},"end":{"line":29,"column":74}},"12":{"start":{"line":31,"column":6},"end":{"line":31,"column":24}},"13":{"start":{"line":35,"column":2},"end":{"line":67,"column":4}},"14":{"start":{"line":61,"column":23},"end":{"line":61,"column":52}},"15":{"start":{"line":70,"column":15},"end":{"line":114,"column":2}}},"fnMap":{"0":{"name":"LoginScreen","decl":{"start":{"line":12,"column":24},"end":{"line":12,"column":35}},"loc":{"start":{"line":12,"column":38},"end":{"line":68,"column":1}},"line":12},"1":{"name":"(anonymous_1)","decl":{"start":{"line":18,"column":22},"end":{"line":18,"column":23}},"loc":{"start":{"line":18,"column":34},"end":{"line":33,"column":3}},"line":18},"2":{"name":"(anonymous_2)","decl":{"start":{"line":61,"column":17},"end":{"line":61,"column":18}},"loc":{"start":{"line":61,"column":23},"end":{"line":61,"column":52}},"line":61}},"branchMap":{"0":{"loc":{"start":{"line":19,"column":4},"end":{"line":22,"column":5}},"type":"if","locations":[{"start":{"line":19,"column":4},"end":{"line":22,"column":5}},{"start":{},"end":{}}],"line":19},"1":{"loc":{"start":{"line":19,"column":8},"end":{"line":19,"column":27}},"type":"binary-expr","locations":[{"start":{"line":19,"column":8},"end":{"line":19,"column":14}},{"start":{"line":19,"column":18},"end":{"line":19,"column":27}}],"line":19},"2":{"loc":{"start":{"line":29,"column":34},"end":{"line":29,"column":72}},"type":"binary-expr","locations":[{"start":{"line":29,"column":34},"end":{"line":29,"column":47}},{"start":{"line":29,"column":51},"end":{"line":29,"column":72}}],"line":29},"3":{"loc":{"start":{"line":54,"column":31},"end":{"line":54,"column":63}},"type":"binary-expr","locations":[{"start":{"line":54,"column":31},"end":{"line":54,"column":38}},{"start":{"line":54,"column":42},"end":{"line":54,"column":63}}],"line":54},"4":{"loc":{"start":{"line":58,"column":41},"end":{"line":58,"column":78}},"type":"cond-expr","locations":[{"start":{"line":58,"column":51},"end":{"line":58,"column":66}},{"start":{"line":58,"column":69},"end":{"line":58,"column":78}}],"line":58}},"s":{"0":0,"1":0,"2":0,"3":0,"4":0,"5":0,"6":0,"7":0,"8":0,"9":0,"10":0,"11":0,"12":0,"13":0,"14":0,"15":0},"f":{"0":0,"1":0,"2":0},"b":{"0":[0,0],"1":[0,0],"2":[0,0],"3":[0,0],"4":[0,0]}}
,"/Users/sandrasanzgonzalez/Documents/Sushi App/src/screens/auth/SignupScreen.tsx": {"path":"/Users/sandrasanzgonzalez/Documents/Sushi App/src/screens/auth/SignupScreen.tsx","statementMap":{"0":{"start":{"line":14,"column":21},"end":{"line":14,"column":64}},"1":{"start":{"line":15,"column":21},"end":{"line":15,"column":32}},"2":{"start":{"line":16,"column":28},"end":{"line":16,"column":40}},"3":{"start":{"line":17,"column":34},"end":{"line":17,"column":46}},"4":{"start":{"line":18,"column":48},"end":{"line":18,"column":60}},"5":{"start":{"line":19,"column":32},"end":{"line":19,"column":47}},"6":{"start":{"line":21,"column":23},"end":{"line":46,"column":3}},"7":{"start":{"line":22,"column":4},"end":{"line":25,"column":5}},"8":{"start":{"line":23,"column":6},"end":{"line":23,"column":62}},"9":{"start":{"line":24,"column":6},"end":{"line":24,"column":13}},"10":{"start":{"line":27,"column":4},"end":{"line":30,"column":5}},"11":{"start":{"line":28,"column":6},"end":{"line":28,"column":53}},"12":{"start":{"line":29,"column":6},"end":{"line":29,"column":13}},"13":{"start":{"line":32,"column":4},"end":{"line":35,"column":5}},"14":{"start":{"line":33,"column":6},"end":{"line":33,"column":69}},"15":{"start":{"line":34,"column":6},"end":{"line":34,"column":13}},"16":{"start":{"line":37,"column":4},"end":{"line":37,"column":21}},"17":{"start":{"line":38,"column":4},"end":{"line":45,"column":5}},"18":{"start":{"line":39,"column":6},"end":{"line":39,"column":77}},"19":{"start":{"line":42,"column":6},"end":{"line":42,"column":80}},"20":{"start":{"line":44,"column":6},"end":{"line":44,"column":24}},"21":{"start":{"line":48,"column":2},"end":{"line":88,"column":4}},"22":{"start":{"line":82,"column":23},"end":{"line":82,"column":51}},"23":{"start":{"line":91,"column":15},"end":{"line":141,"column":2}}},"fnMap":{"0":{"name":"SignupScreen","decl":{"start":{"line":13,"column":24},"end":{"line":13,"column":36}},"loc":{"start":{"line":13,"column":39},"end":{"line":89,"column":1}},"line":13},"1":{"name":"(anonymous_1)","decl":{"start":{"line":21,"column":23},"end":{"line":21,"column":24}},"loc":{"start":{"line":21,"column":35},"end":{"line":46,"column":3}},"line":21},"2":{"name":"(anonymous_2)","decl":{"start":{"line":82,"column":17},"end":{"line":82,"column":18}},"loc":{"start":{"line":82,"column":23},"end":{"line":82,"column":51}},"line":82}},"branchMap":{"0":{"loc":{"start":{"line":22,"column":4},"end":{"line":25,"column":5}},"type":"if","locations":[{"start":{"line":22,"column":4},"end":{"line":25,"column":5}},{"start":{},"end":{}}],"line":22},"1":{"loc":{"start":{"line":22,"column":8},"end":{"line":22,"column":27}},"type":"binary-expr","locations":[{"start":{"line":22,"column":8},"end":{"line":22,"column":14}},{"start":{"line":22,"column":18},"end":{"line":22,"column":27}}],"line":22},"2":{"loc":{"start":{"line":27,"column":4},"end":{"line":30,"column":5}},"type":"if","locations":[{"start":{"line":27,"column":4},"end":{"line":30,"column":5}},{"start":{},"end":{}}],"line":27},"3":{"loc":{"start":{"line":32,"column":4},"end":{"line":35,"column":5}},"type":"if","locations":[{"start":{"line":32,"column":4},"end":{"line":35,"column":5}},{"start":{},"end":{}}],"line":32},"4":{"loc":{"start":{"line":42,"column":35},"end":{"line":42,"column":78}},"type":"binary-expr","locations":[{"start":{"line":42,"column":35},"end":{"line":42,"column":48}},{"start":{"line":42,"column":52},"end":{"line":42,"column":78}}],"line":42},"5":{"loc":{"start":{"line":75,"column":31},"end":{"line":75,"column":63}},"type":"binary-expr","locations":[{"start":{"line":75,"column":31},"end":{"line":75,"column":38}},{"start":{"line":75,"column":42},"end":{"line":75,"column":63}}],"line":75},"6":{"loc":{"start":{"line":79,"column":41},"end":{"line":79,"column":84}},"type":"cond-expr","locations":[{"start":{"line":79,"column":51},"end":{"line":79,"column":72}},{"start":{"line":79,"column":75},"end":{"line":79,"column":84}}],"line":79}},"s":{"0":0,"1":0,"2":0,"3":0,"4":0,"5":0,"6":0,"7":0,"8":0,"9":0,"10":0,"11":0,"12":0,"13":0,"14":0,"15":0,"16":0,"17":0,"18":0,"19":0,"20":0,"21":0,"22":0,"23":0},"f":{"0":0,"1":0,"2":0},"b":{"0":[0,0],"1":[0,0],"2":[0,0],"3":[0,0],"4":[0,0],"5":[0,0],"6":[0,0]}}
,"/Users/sandrasanzgonzalez/Documents/Sushi App/src/screens/cart/CartScreen.tsx": {"path":"/Users/sandrasanzgonzalez/Documents/Sushi App/src/screens/cart/CartScreen.tsx","statementMap":{"0":{"start":{"line":14,"column":21},"end":{"line":14,"column":62}},"1":{"start":{"line":15,"column":58},"end":{"line":15,"column":67}},"2":{"start":{"line":17,"column":21},"end":{"line":39,"column":3}},"3":{"start":{"line":18,"column":4},"end":{"line":38,"column":11}},"4":{"start":{"line":25,"column":25},"end":{"line":25,"column":67}},"5":{"start":{"line":32,"column":25},"end":{"line":32,"column":67}},"6":{"start":{"line":41,"column":2},"end":{"line":47,"column":3}},"7":{"start":{"line":42,"column":4},"end":{"line":46,"column":6}},"8":{"start":{"line":49,"column":2},"end":{"line":70,"column":4}},"9":{"start":{"line":54,"column":32},"end":{"line":54,"column":39}},"10":{"start":{"line":64,"column":25},"end":{"line":64,"column":56}},"11":{"start":{"line":73,"column":15},"end":{"line":161,"column":2}}},"fnMap":{"0":{"name":"CartScreen","decl":{"start":{"line":13,"column":24},"end":{"line":13,"column":34}},"loc":{"start":{"line":13,"column":37},"end":{"line":71,"column":1}},"line":13},"1":{"name":"(anonymous_1)","decl":{"start":{"line":17,"column":21},"end":{"line":17,"column":22}},"loc":{"start":{"line":18,"column":4},"end":{"line":38,"column":11}},"line":18},"2":{"name":"(anonymous_2)","decl":{"start":{"line":25,"column":19},"end":{"line":25,"column":20}},"loc":{"start":{"line":25,"column":25},"end":{"line":25,"column":67}},"line":25},"3":{"name":"(anonymous_3)","decl":{"start":{"line":32,"column":19},"end":{"line":32,"column":20}},"loc":{"start":{"line":32,"column":25},"end":{"line":32,"column":67}},"line":32},"4":{"name":"(anonymous_4)","decl":{"start":{"line":54,"column":22},"end":{"line":54,"column":23}},"loc":{"start":{"line":54,"column":32},"end":{"line":54,"column":39}},"line":54},"5":{"name":"(anonymous_5)","decl":{"start":{"line":64,"column":19},"end":{"line":64,"column":20}},"loc":{"start":{"line":64,"column":25},"end":{"line":64,"column":56}},"line":64}},"branchMap":{"0":{"loc":{"start":{"line":41,"column":2},"end":{"line":47,"column":3}},"type":"if","locations":[{"start":{"line":41,"column":2},"end":{"line":47,"column":3}},{"start":{},"end":{}}],"line":41}},"s":{"0":0,"1":0,"2":0,"3":0,"4":0,"5":0,"6":0,"7":0,"8":0,"9":0,"10":0,"11":0},"f":{"0":0,"1":0,"2":0,"3":0,"4":0,"5":0},"b":{"0":[0,0]}}
,"/Users/sandrasanzgonzalez/Documents/Sushi App/src/screens/cart/CheckoutScreen.tsx": {"path":"/Users/sandrasanzgonzalez/Documents/Sushi App/src/screens/cart/CheckoutScreen.tsx","statementMap":{"0":{"start":{"line":14,"column":41},"end":{"line":14,"column":50}},"1":{"start":{"line":15,"column":21},"end":{"line":15,"column":32}},"2":{"start":{"line":16,"column":19},"end":{"line":16,"column":28}},"3":{"start":{"line":17,"column":28},"end":{"line":17,"column":55}},"4":{"start":{"line":18,"column":32},"end":{"line":18,"column":47}},"5":{"start":{"line":20,"column":25},"end":{"line":60,"column":3}},"6":{"start":{"line":21,"column":4},"end":{"line":24,"column":5}},"7":{"start":{"line":22,"column":6},"end":{"line":22,"column":65}},"8":{"start":{"line":23,"column":6},"end":{"line":23,"column":13}},"9":{"start":{"line":26,"column":4},"end":{"line":29,"column":5}},"10":{"start":{"line":27,"column":6},"end":{"line":27,"column":49}},"11":{"start":{"line":28,"column":6},"end":{"line":28,"column":13}},"12":{"start":{"line":31,"column":4},"end":{"line":31,"column":21}},"13":{"start":{"line":32,"column":4},"end":{"line":59,"column":5}},"14":{"start":{"line":33,"column":29},"end":{"line":33,"column":70}},"15":{"start":{"line":34,"column":26},"end":{"line":34,"column":70}},"16":{"start":{"line":36,"column":21},"end":{"line":36,"column":67}},"17":{"start":{"line":38,"column":6},"end":{"line":54,"column":7}},"18":{"start":{"line":41,"column":8},"end":{"line":53,"column":10}},"19":{"start":{"line":48,"column":16},"end":{"line":48,"column":28}},"20":{"start":{"line":56,"column":6},"end":{"line":56,"column":71}},"21":{"start":{"line":58,"column":6},"end":{"line":58,"column":24}},"22":{"start":{"line":62,"column":2},"end":{"line":112,"column":4}},"23":{"start":{"line":67,"column":10},"end":{"line":74,"column":17}},"24":{"start":{"line":115,"column":15},"end":{"line":194,"column":2}}},"fnMap":{"0":{"name":"CheckoutScreen","decl":{"start":{"line":13,"column":24},"end":{"line":13,"column":38}},"loc":{"start":{"line":13,"column":41},"end":{"line":113,"column":1}},"line":13},"1":{"name":"(anonymous_1)","decl":{"start":{"line":20,"column":25},"end":{"line":20,"column":26}},"loc":{"start":{"line":20,"column":37},"end":{"line":60,"column":3}},"line":20},"2":{"name":"(anonymous_2)","decl":{"start":{"line":47,"column":23},"end":{"line":47,"column":24}},"loc":{"start":{"line":47,"column":29},"end":{"line":50,"column":15}},"line":47},"3":{"name":"(anonymous_3)","decl":{"start":{"line":66,"column":19},"end":{"line":66,"column":20}},"loc":{"start":{"line":67,"column":10},"end":{"line":74,"column":17}},"line":67}},"branchMap":{"0":{"loc":{"start":{"line":17,"column":37},"end":{"line":17,"column":54}},"type":"binary-expr","locations":[{"start":{"line":17,"column":37},"end":{"line":17,"column":48}},{"start":{"line":17,"column":52},"end":{"line":17,"column":54}}],"line":17},"1":{"loc":{"start":{"line":21,"column":4},"end":{"line":24,"column":5}},"type":"if","locations":[{"start":{"line":21,"column":4},"end":{"line":24,"column":5}},{"start":{},"end":{}}],"line":21},"2":{"loc":{"start":{"line":21,"column":8},"end":{"line":21,"column":38}},"type":"binary-expr","locations":[{"start":{"line":21,"column":8},"end":{"line":21,"column":14}},{"start":{"line":21,"column":18},"end":{"line":21,"column":38}}],"line":21},"3":{"loc":{"start":{"line":26,"column":4},"end":{"line":29,"column":5}},"type":"if","locations":[{"start":{"line":26,"column":4},"end":{"line":29,"column":5}},{"start":{},"end":{}}],"line":26},"4":{"loc":{"start":{"line":38,"column":6},"end":{"line":54,"column":7}},"type":"if","locations":[{"start":{"line":38,"column":6},"end":{"line":54,"column":7}},{"start":{},"end":{}}],"line":38},"5":{"loc":{"start":{"line":56,"column":27},"end":{"line":56,"column":69}},"type":"binary-expr","locations":[{"start":{"line":56,"column":27},"end":{"line":56,"column":40}},{"start":{"line":56,"column":44},"end":{"line":56,"column":69}}],"line":56},"6":{"loc":{"start":{"line":93,"column":9},"end":{"line":97,"column":9}},"type":"binary-expr","locations":[{"start":{"line":93,"column":9},"end":{"line":93,"column":14}},{"start":{"line":94,"column":10},"end":{"line":96,"column":17}}],"line":93},"7":{"loc":{"start":{"line":101,"column":39},"end":{"line":101,"column":71}},"type":"binary-expr","locations":[{"start":{"line":101,"column":39},"end":{"line":101,"column":46}},{"start":{"line":101,"column":50},"end":{"line":101,"column":71}}],"line":101},"8":{"loc":{"start":{"line":105,"column":9},"end":{"line":109,"column":9}},"type":"cond-expr","locations":[{"start":{"line":106,"column":10},"end":{"line":106,"column":44}},{"start":{"line":108,"column":10},"end":{"line":108,"column":76}}],"line":105}},"s":{"0":0,"1":0,"2":0,"3":0,"4":0,"5":0,"6":0,"7":0,"8":0,"9":0,"10":0,"11":0,"12":0,"13":0,"14":0,"15":0,"16":0,"17":0,"18":0,"19":0,"20":0,"21":0,"22":0,"23":0,"24":0},"f":{"0":0,"1":0,"2":0,"3":0},"b":{"0":[0,0],"1":[0,0],"2":[0,0],"3":[0,0],"4":[0,0],"5":[0,0],"6":[0,0],"7":[0,0],"8":[0,0]}}
,"/Users/sandrasanzgonzalez/Documents/Sushi App/src/screens/loyalty/LoyaltyScreen.tsx": {"path":"/Users/sandrasanzgonzalez/Documents/Sushi App/src/screens/loyalty/LoyaltyScreen.tsx","statementMap":{"0":{"start":{"line":16,"column":21},"end":{"line":16,"column":65}},"1":{"start":{"line":17,"column":19},"end":{"line":17,"column":28}},"2":{"start":{"line":20,"column":17},"end":{"line":20,"column":21}},"3":{"start":{"line":21,"column":24},"end":{"line":21,"column":27}},"4":{"start":{"line":22,"column":20},"end":{"line":22,"column":66}},"5":{"start":{"line":25,"column":17},"end":{"line":25,"column":51}},"6":{"start":{"line":27,"column":2},"end":{"line":73,"column":4}},"7":{"start":{"line":58,"column":23},"end":{"line":58,"column":58}},"8":{"start":{"line":68,"column":23},"end":{"line":68,"column":59}},"9":{"start":{"line":76,"column":15},"end":{"line":166,"column":2}}},"fnMap":{"0":{"name":"LoyaltyScreen","decl":{"start":{"line":15,"column":24},"end":{"line":15,"column":37}},"loc":{"start":{"line":15,"column":40},"end":{"line":74,"column":1}},"line":15},"1":{"name":"(anonymous_1)","decl":{"start":{"line":58,"column":17},"end":{"line":58,"column":18}},"loc":{"start":{"line":58,"column":23},"end":{"line":58,"column":58}},"line":58},"2":{"name":"(anonymous_2)","decl":{"start":{"line":68,"column":17},"end":{"line":68,"column":18}},"loc":{"start":{"line":68,"column":23},"end":{"line":68,"column":59}},"line":68}},"branchMap":{"0":{"loc":{"start":{"line":25,"column":17},"end":{"line":25,"column":51}},"type":"binary-expr","locations":[{"start":{"line":25,"column":17},"end":{"line":25,"column":28}},{"start":{"line":25,"column":32},"end":{"line":25,"column":51}}],"line":25},"1":{"loc":{"start":{"line":35,"column":7},"end":{"line":44,"column":7}},"type":"binary-expr","locations":[{"start":{"line":35,"column":7},"end":{"line":35,"column":24}},{"start":{"line":36,"column":8},"end":{"line":43,"column":15}}],"line":35},"2":{"loc":{"start":{"line":57,"column":37},"end":{"line":57,"column":78}},"type":"binary-expr","locations":[{"start":{"line":57,"column":37},"end":{"line":57,"column":47}},{"start":{"line":57,"column":51},"end":{"line":57,"column":78}}],"line":57},"3":{"loc":{"start":{"line":62,"column":11},"end":{"line":62,"column":108}},"type":"cond-expr","locations":[{"start":{"line":62,"column":23},"end":{"line":62,"column":38}},{"start":{"line":62,"column":41},"end":{"line":62,"column":108}}],"line":62}},"s":{"0":0,"1":0,"2":0,"3":0,"4":0,"5":0,"6":0,"7":0,"8":0,"9":0},"f":{"0":0,"1":0,"2":0},"b":{"0":[0,0],"1":[0,0],"2":[0,0],"3":[0,0]}}
,"/Users/sandrasanzgonzalez/Documents/Sushi App/src/screens/loyalty/PointsHistoryScreen.tsx": {"path":"/Users/sandrasanzgonzalez/Documents/Sushi App/src/screens/loyalty/PointsHistoryScreen.tsx","statementMap":{"0":{"start":{"line":9,"column":23},"end":{"line":34,"column":3}},"1":{"start":{"line":36,"column":28},"end":{"line":50,"column":3}},"2":{"start":{"line":37,"column":23},"end":{"line":37,"column":38}},"3":{"start":{"line":38,"column":4},"end":{"line":49,"column":6}},"4":{"start":{"line":52,"column":2},"end":{"line":61,"column":4}},"5":{"start":{"line":57,"column":32},"end":{"line":57,"column":39}},"6":{"start":{"line":64,"column":15},"end":{"line":106,"column":2}}},"fnMap":{"0":{"name":"PointsHistoryScreen","decl":{"start":{"line":7,"column":24},"end":{"line":7,"column":43}},"loc":{"start":{"line":7,"column":46},"end":{"line":62,"column":1}},"line":7},"1":{"name":"(anonymous_1)","decl":{"start":{"line":36,"column":28},"end":{"line":36,"column":29}},"loc":{"start":{"line":36,"column":76},"end":{"line":50,"column":3}},"line":36},"2":{"name":"(anonymous_2)","decl":{"start":{"line":57,"column":22},"end":{"line":57,"column":23}},"loc":{"start":{"line":57,"column":32},"end":{"line":57,"column":39}},"line":57}},"branchMap":{"0":{"loc":{"start":{"line":42,"column":50},"end":{"line":42,"column":79}},"type":"binary-expr","locations":[{"start":{"line":42,"column":50},"end":{"line":42,"column":60}},{"start":{"line":42,"column":64},"end":{"line":42,"column":79}}],"line":42},"1":{"loc":{"start":{"line":43,"column":13},"end":{"line":43,"column":34}},"type":"cond-expr","locations":[{"start":{"line":43,"column":26},"end":{"line":43,"column":29}},{"start":{"line":43,"column":32},"end":{"line":43,"column":34}}],"line":43}},"s":{"0":0,"1":0,"2":0,"3":0,"4":0,"5":0,"6":0},"f":{"0":0,"1":0,"2":0},"b":{"0":[0,0],"1":[0,0]}}
,"/Users/sandrasanzgonzalez/Documents/Sushi App/src/screens/loyalty/RedeemPointsScreen.tsx": {"path":"/Users/sandrasanzgonzalez/Documents/Sushi App/src/screens/loyalty/RedeemPointsScreen.tsx","statementMap":{"0":{"start":{"line":10,"column":19},"end":{"line":10,"column":28}},"1":{"start":{"line":11,"column":32},"end":{"line":11,"column":47}},"2":{"start":{"line":14,"column":26},"end":{"line":14,"column":30}},"3":{"start":{"line":15,"column":28},"end":{"line":19,"column":3}},"4":{"start":{"line":21,"column":23},"end":{"line":40,"column":3}},"5":{"start":{"line":22,"column":4},"end":{"line":25,"column":5}},"6":{"start":{"line":23,"column":6},"end":{"line":23,"column":90}},"7":{"start":{"line":24,"column":6},"end":{"line":24,"column":13}},"8":{"start":{"line":27,"column":4},"end":{"line":27,"column":21}},"9":{"start":{"line":28,"column":4},"end":{"line":39,"column":5}},"10":{"start":{"line":31,"column":6},"end":{"line":34,"column":8}},"11":{"start":{"line":36,"column":6},"end":{"line":36,"column":71}},"12":{"start":{"line":38,"column":6},"end":{"line":38,"column":24}},"13":{"start":{"line":42,"column":2},"end":{"line":77,"column":4}},"14":{"start":{"line":52,"column":8},"end":{"line":68,"column":27}},"15":{"start":{"line":58,"column":25},"end":{"line":58,"column":66}},"16":{"start":{"line":80,"column":15},"end":{"line":134,"column":2}}},"fnMap":{"0":{"name":"RedeemPointsScreen","decl":{"start":{"line":9,"column":24},"end":{"line":9,"column":42}},"loc":{"start":{"line":9,"column":45},"end":{"line":78,"column":1}},"line":9},"1":{"name":"(anonymous_1)","decl":{"start":{"line":21,"column":23},"end":{"line":21,"column":24}},"loc":{"start":{"line":21,"column":64},"end":{"line":40,"column":3}},"line":21},"2":{"name":"(anonymous_2)","decl":{"start":{"line":51,"column":29},"end":{"line":51,"column":30}},"loc":{"start":{"line":52,"column":8},"end":{"line":68,"column":27}},"line":52},"3":{"name":"(anonymous_3)","decl":{"start":{"line":58,"column":19},"end":{"line":58,"column":20}},"loc":{"start":{"line":58,"column":25},"end":{"line":58,"column":66}},"line":58}},"branchMap":{"0":{"loc":{"start":{"line":22,"column":4},"end":{"line":25,"column":5}},"type":"if","locations":[{"start":{"line":22,"column":4},"end":{"line":25,"column":5}},{"start":{},"end":{}}],"line":22},"1":{"loc":{"start":{"line":36,"column":27},"end":{"line":36,"column":69}},"type":"binary-expr","locations":[{"start":{"line":36,"column":27},"end":{"line":36,"column":40}},{"start":{"line":36,"column":44},"end":{"line":36,"column":69}}],"line":36},"2":{"loc":{"start":{"line":56,"column":12},"end":{"line":56,"column":72}},"type":"binary-expr","locations":[{"start":{"line":56,"column":12},"end":{"line":56,"column":43}},{"start":{"line":56,"column":47},"end":{"line":56,"column":72}}],"line":56},"3":{"loc":{"start":{"line":59,"column":20},"end":{"line":59,"column":62}},"type":"binary-expr","locations":[{"start":{"line":59,"column":20},"end":{"line":59,"column":51}},{"start":{"line":59,"column":55},"end":{"line":59,"column":62}}],"line":59},"4":{"loc":{"start":{"line":65,"column":11},"end":{"line":67,"column":11}},"type":"binary-expr","locations":[{"start":{"line":65,"column":11},"end":{"line":65,"column":43}},{"start":{"line":66,"column":12},"end":{"line":66,"column":59}}],"line":65},"5":{"loc":{"start":{"line":71,"column":7},"end":{"line":75,"column":7}},"type":"binary-expr","locations":[{"start":{"line":71,"column":7},"end":{"line":71,"column":14}},{"start":{"line":72,"column":8},"end":{"line":74,"column":15}}],"line":71}},"s":{"0":0,"1":0,"2":0,"3":0,"4":0,"5":0,"6":0,"7":0,"8":0,"9":0,"10":0,"11":0,"12":0,"13":0,"14":0,"15":0,"16":0},"f":{"0":0,"1":0,"2":0,"3":0},"b":{"0":[0,0],"1":[0,0],"2":[0,0],"3":[0,0],"4":[0,0],"5":[0,0]}}
,"/Users/sandrasanzgonzalez/Documents/Sushi App/src/screens/menu/MenuScreen.tsx": {"path":"/Users/sandrasanzgonzalez/Documents/Sushi App/src/screens/menu/MenuScreen.tsx","statementMap":{"0":{"start":{"line":18,"column":21},"end":{"line":18,"column":62}},"1":{"start":{"line":19,"column":27},"end":{"line":19,"column":36}},"2":{"start":{"line":20,"column":21},"end":{"line":20,"column":32}},"3":{"start":{"line":21,"column":50},"end":{"line":21,"column":89}},"4":{"start":{"line":23,"column":61},"end":{"line":23,"column":76}},"5":{"start":{"line":24,"column":62},"end":{"line":24,"column":92}},"6":{"start":{"line":26,"column":25},"end":{"line":43,"column":3}},"7":{"start":{"line":27,"column":4},"end":{"line":42,"column":23}},"8":{"start":{"line":32,"column":21},"end":{"line":32,"column":92}},"9":{"start":{"line":45,"column":25},"end":{"line":63,"column":3}},"10":{"start":{"line":46,"column":4},"end":{"line":62,"column":23}},"11":{"start":{"line":48,"column":21},"end":{"line":48,"column":81}},"12":{"start":{"line":65,"column":2},"end":{"line":71,"column":3}},"13":{"start":{"line":66,"column":4},"end":{"line":70,"column":6}},"14":{"start":{"line":73,"column":2},"end":{"line":80,"column":3}},"15":{"start":{"line":74,"column":4},"end":{"line":79,"column":6}},"16":{"start":{"line":82,"column":2},"end":{"line":123,"column":4}},"17":{"start":{"line":95,"column":36},"end":{"line":95,"column":43}},"18":{"start":{"line":105,"column":32},"end":{"line":105,"column":39}},"19":{"start":{"line":117,"column":25},"end":{"line":117,"column":52}},"20":{"start":{"line":126,"column":15},"end":{"line":255,"column":2}}},"fnMap":{"0":{"name":"MenuScreen","decl":{"start":{"line":17,"column":24},"end":{"line":17,"column":34}},"loc":{"start":{"line":17,"column":37},"end":{"line":124,"column":1}},"line":17},"1":{"name":"(anonymous_1)","decl":{"start":{"line":26,"column":25},"end":{"line":26,"column":26}},"loc":{"start":{"line":27,"column":4},"end":{"line":42,"column":23}},"line":27},"2":{"name":"(anonymous_2)","decl":{"start":{"line":32,"column":15},"end":{"line":32,"column":16}},"loc":{"start":{"line":32,"column":21},"end":{"line":32,"column":92}},"line":32},"3":{"name":"(anonymous_3)","decl":{"start":{"line":45,"column":25},"end":{"line":45,"column":26}},"loc":{"start":{"line":46,"column":4},"end":{"line":62,"column":23}},"line":46},"4":{"name":"(anonymous_4)","decl":{"start":{"line":48,"column":15},"end":{"line":48,"column":16}},"loc":{"start":{"line":48,"column":21},"end":{"line":48,"column":81}},"line":48},"5":{"name":"(anonymous_5)","decl":{"start":{"line":95,"column":26},"end":{"line":95,"column":27}},"loc":{"start":{"line":95,"column":36},"end":{"line":95,"column":43}},"line":95},"6":{"name":"(anonymous_6)","decl":{"start":{"line":105,"column":22},"end":{"line":105,"column":23}},"loc":{"start":{"line":105,"column":32},"end":{"line":105,"column":39}},"line":105},"7":{"name":"(anonymous_7)","decl":{"start":{"line":117,"column":19},"end":{"line":117,"column":20}},"loc":{"start":{"line":117,"column":25},"end":{"line":117,"column":52}},"line":117}},"branchMap":{"0":{"loc":{"start":{"line":30,"column":8},"end":{"line":30,"column":65}},"type":"binary-expr","locations":[{"start":{"line":30,"column":8},"end":{"line":30,"column":36}},{"start":{"line":30,"column":40},"end":{"line":30,"column":65}}],"line":30},"1":{"loc":{"start":{"line":32,"column":41},"end":{"line":32,"column":91}},"type":"cond-expr","locations":[{"start":{"line":32,"column":72},"end":{"line":32,"column":81}},{"start":{"line":32,"column":84},"end":{"line":32,"column":91}}],"line":32},"2":{"loc":{"start":{"line":37,"column":10},"end":{"line":37,"column":71}},"type":"binary-expr","locations":[{"start":{"line":37,"column":10},"end":{"line":37,"column":38}},{"start":{"line":37,"column":42},"end":{"line":37,"column":71}}],"line":37},"3":{"loc":{"start":{"line":50,"column":7},"end":{"line":52,"column":7}},"type":"binary-expr","locations":[{"start":{"line":50,"column":7},"end":{"line":50,"column":17}},{"start":{"line":51,"column":8},"end":{"line":51,"column":71}}],"line":50},"4":{"loc":{"start":{"line":55,"column":9},"end":{"line":59,"column":9}},"type":"binary-expr","locations":[{"start":{"line":55,"column":9},"end":{"line":55,"column":25}},{"start":{"line":56,"column":10},"end":{"line":58,"column":17}}],"line":55},"5":{"loc":{"start":{"line":65,"column":2},"end":{"line":71,"column":3}},"type":"if","locations":[{"start":{"line":65,"column":2},"end":{"line":71,"column":3}},{"start":{},"end":{}}],"line":65},"6":{"loc":{"start":{"line":65,"column":6},"end":{"line":65,"column":39}},"type":"binary-expr","locations":[{"start":{"line":65,"column":6},"end":{"line":65,"column":23}},{"start":{"line":65,"column":27},"end":{"line":65,"column":39}}],"line":65},"7":{"loc":{"start":{"line":73,"column":2},"end":{"line":80,"column":3}},"type":"if","locations":[{"start":{"line":73,"column":2},"end":{"line":80,"column":3}},{"start":{},"end":{}}],"line":73},"8":{"loc":{"start":{"line":86,"column":37},"end":{"line":86,"column":79}},"type":"cond-expr","locations":[{"start":{"line":86,"column":55},"end":{"line":86,"column":64}},{"start":{"line":86,"column":67},"end":{"line":86,"column":79}}],"line":86},"9":{"loc":{"start":{"line":89,"column":7},"end":{"line":100,"column":7}},"type":"binary-expr","locations":[{"start":{"line":89,"column":7},"end":{"line":89,"column":17}},{"start":{"line":89,"column":21},"end":{"line":89,"column":42}},{"start":{"line":90,"column":8},"end":{"line":99,"column":15}}],"line":89},"10":{"loc":{"start":{"line":103,"column":14},"end":{"line":103,"column":29}},"type":"binary-expr","locations":[{"start":{"line":103,"column":14},"end":{"line":103,"column":23}},{"start":{"line":103,"column":27},"end":{"line":103,"column":29}}],"line":103},"11":{"loc":{"start":{"line":114,"column":7},"end":{"line":121,"column":7}},"type":"binary-expr","locations":[{"start":{"line":114,"column":7},"end":{"line":114,"column":25}},{"start":{"line":115,"column":8},"end":{"line":120,"column":27}}],"line":114}},"s":{"0":0,"1":0,"2":0,"3":0,"4":0,"5":0,"6":0,"7":0,"8":0,"9":0,"10":0,"11":0,"12":0,"13":0,"14":0,"15":0,"16":0,"17":0,"18":0,"19":0,"20":0},"f":{"0":0,"1":0,"2":0,"3":0,"4":0,"5":0,"6":0,"7":0},"b":{"0":[0,0],"1":[0,0],"2":[0,0],"3":[0,0],"4":[0,0],"5":[0,0],"6":[0,0],"7":[0,0],"8":[0,0],"9":[0,0,0],"10":[0,0],"11":[0,0]}}
,"/Users/sandrasanzgonzalez/Documents/Sushi App/src/screens/menu/ProductDetailScreen.tsx": {"path":"/Users/sandrasanzgonzalez/Documents/Sushi App/src/screens/menu/ProductDetailScreen.tsx","statementMap":{"0":{"start":{"line":18,"column":16},"end":{"line":18,"column":56}},"1":{"start":{"line":19,"column":21},"end":{"line":19,"column":71}},"2":{"start":{"line":20,"column":22},"end":{"line":20,"column":31}},"3":{"start":{"line":21,"column":24},"end":{"line":21,"column":36}},"4":{"start":{"line":23,"column":46},"end":{"line":23,"column":68}},"5":{"start":{"line":25,"column":26},"end":{"line":36,"column":3}},"6":{"start":{"line":26,"column":4},"end":{"line":26,"column":25}},"7":{"start":{"line":26,"column":18},"end":{"line":26,"column":25}},"8":{"start":{"line":28,"column":4},"end":{"line":34,"column":7}},"9":{"start":{"line":35,"column":4},"end":{"line":35,"column":71}},"10":{"start":{"line":38,"column":2},"end":{"line":44,"column":3}},"11":{"start":{"line":39,"column":4},"end":{"line":43,"column":6}},"12":{"start":{"line":46,"column":2},"end":{"line":59,"column":3}},"13":{"start":{"line":47,"column":4},"end":{"line":58,"column":6}},"14":{"start":{"line":53,"column":25},"end":{"line":53,"column":44}},"15":{"start":{"line":61,"column":2},"end":{"line":77,"column":4}},"16":{"start":{"line":80,"column":15},"end":{"line":152,"column":2}}},"fnMap":{"0":{"name":"ProductDetailScreen","decl":{"start":{"line":17,"column":24},"end":{"line":17,"column":43}},"loc":{"start":{"line":17,"column":46},"end":{"line":78,"column":1}},"line":17},"1":{"name":"(anonymous_1)","decl":{"start":{"line":25,"column":26},"end":{"line":25,"column":27}},"loc":{"start":{"line":25,"column":32},"end":{"line":36,"column":3}},"line":25},"2":{"name":"(anonymous_2)","decl":{"start":{"line":53,"column":19},"end":{"line":53,"column":20}},"loc":{"start":{"line":53,"column":25},"end":{"line":53,"column":44}},"line":53}},"branchMap":{"0":{"loc":{"start":{"line":26,"column":4},"end":{"line":26,"column":25}},"type":"if","locations":[{"start":{"line":26,"column":4},"end":{"line":26,"column":25}},{"start":{},"end":{}}],"line":26},"1":{"loc":{"start":{"line":38,"column":2},"end":{"line":44,"column":3}},"type":"if","locations":[{"start":{"line":38,"column":2},"end":{"line":44,"column":3}},{"start":{},"end":{}}],"line":38},"2":{"loc":{"start":{"line":46,"column":2},"end":{"line":59,"column":3}},"type":"if","locations":[{"start":{"line":46,"column":2},"end":{"line":59,"column":3}},{"start":{},"end":{}}],"line":46},"3":{"loc":{"start":{"line":46,"column":6},"end":{"line":46,"column":23}},"type":"binary-expr","locations":[{"start":{"line":46,"column":6},"end":{"line":46,"column":11}},{"start":{"line":46,"column":15},"end":{"line":46,"column":23}}],"line":46},"4":{"loc":{"start":{"line":50,"column":43},"end":{"line":50,"column":80}},"type":"binary-expr","locations":[{"start":{"line":50,"column":43},"end":{"line":50,"column":57}},{"start":{"line":50,"column":61},"end":{"line":50,"column":80}}],"line":50},"5":{"loc":{"start":{"line":63,"column":7},"end":{"line":65,"column":7}},"type":"binary-expr","locations":[{"start":{"line":63,"column":7},"end":{"line":63,"column":20}},{"start":{"line":64,"column":8},"end":{"line":64,"column":70}}],"line":63},"6":{"loc":{"start":{"line":69,"column":9},"end":{"line":71,"column":9}},"type":"binary-expr","locations":[{"start":{"line":69,"column":9},"end":{"line":69,"column":28}},{"start":{"line":70,"column":10},"end":{"line":70,"column":71}}],"line":69}},"s":{"0":0,"1":0,"2":0,"3":0,"4":0,"5":0,"6":0,"7":0,"8":0,"9":0,"10":0,"11":0,"12":0,"13":0,"14":0,"15":0,"16":0},"f":{"0":0,"1":0,"2":0},"b":{"0":[0,0],"1":[0,0],"2":[0,0],"3":[0,0],"4":[0,0],"5":[0,0],"6":[0,0]}}
,"/Users/sandrasanzgonzalez/Documents/Sushi App/src/screens/orders/OrderDetailScreen.tsx": {"path":"/Users/sandrasanzgonzalez/Documents/Sushi App/src/screens/orders/OrderDetailScreen.tsx","statementMap":{"0":{"start":{"line":13,"column":16},"end":{"line":13,"column":54}},"1":{"start":{"line":14,"column":22},"end":{"line":14,"column":34}},"2":{"start":{"line":17,"column":16},"end":{"line":30,"column":3}},"3":{"start":{"line":32,"column":2},"end":{"line":71,"column":4}},"4":{"start":{"line":43,"column":10},"end":{"line":48,"column":17}},"5":{"start":{"line":74,"column":15},"end":{"line":147,"column":2}}},"fnMap":{"0":{"name":"OrderDetailScreen","decl":{"start":{"line":12,"column":24},"end":{"line":12,"column":41}},"loc":{"start":{"line":12,"column":44},"end":{"line":72,"column":1}},"line":12},"1":{"name":"(anonymous_1)","decl":{"start":{"line":42,"column":25},"end":{"line":42,"column":26}},"loc":{"start":{"line":43,"column":10},"end":{"line":48,"column":17}},"line":43}},"branchMap":{},"s":{"0":0,"1":0,"2":0,"3":0,"4":0,"5":0},"f":{"0":0,"1":0},"b":{}}
,"/Users/sandrasanzgonzalez/Documents/Sushi App/src/screens/orders/OrderHistoryScreen.tsx": {"path":"/Users/sandrasanzgonzalez/Documents/Sushi App/src/screens/orders/OrderHistoryScreen.tsx","statementMap":{"0":{"start":{"line":14,"column":21},"end":{"line":14,"column":70}},"1":{"start":{"line":15,"column":19},"end":{"line":15,"column":28}},"2":{"start":{"line":18,"column":17},"end":{"line":33,"column":3}},"3":{"start":{"line":35,"column":22},"end":{"line":47,"column":3}},"4":{"start":{"line":36,"column":4},"end":{"line":46,"column":23}},"5":{"start":{"line":38,"column":21},"end":{"line":38,"column":77}},"6":{"start":{"line":49,"column":2},"end":{"line":56,"column":3}},"7":{"start":{"line":50,"column":4},"end":{"line":55,"column":6}},"8":{"start":{"line":58,"column":2},"end":{"line":67,"column":4}},"9":{"start":{"line":63,"column":32},"end":{"line":63,"column":39}},"10":{"start":{"line":70,"column":15},"end":{"line":122,"column":2}}},"fnMap":{"0":{"name":"OrderHistoryScreen","decl":{"start":{"line":13,"column":24},"end":{"line":13,"column":42}},"loc":{"start":{"line":13,"column":45},"end":{"line":68,"column":1}},"line":13},"1":{"name":"(anonymous_1)","decl":{"start":{"line":35,"column":22},"end":{"line":35,"column":23}},"loc":{"start":{"line":36,"column":4},"end":{"line":46,"column":23}},"line":36},"2":{"name":"(anonymous_2)","decl":{"start":{"line":38,"column":15},"end":{"line":38,"column":16}},"loc":{"start":{"line":38,"column":21},"end":{"line":38,"column":77}},"line":38},"3":{"name":"(anonymous_3)","decl":{"start":{"line":63,"column":22},"end":{"line":63,"column":23}},"loc":{"start":{"line":63,"column":32},"end":{"line":63,"column":39}},"line":63}},"branchMap":{"0":{"loc":{"start":{"line":49,"column":2},"end":{"line":56,"column":3}},"type":"if","locations":[{"start":{"line":49,"column":2},"end":{"line":56,"column":3}},{"start":{},"end":{}}],"line":49}},"s":{"0":0,"1":0,"2":0,"3":0,"4":0,"5":0,"6":0,"7":0,"8":0,"9":0,"10":0},"f":{"0":0,"1":0,"2":0,"3":0},"b":{"0":[0,0]}}
,"/Users/sandrasanzgonzalez/Documents/Sushi App/src/screens/profile/PreferencesScreen.tsx": {"path":"/Users/sandrasanzgonzalez/Documents/Sushi App/src/screens/profile/PreferencesScreen.tsx","statementMap":{"0":{"start":{"line":8,"column":19},"end":{"line":8,"column":28}},"1":{"start":{"line":9,"column":36},"end":{"line":9,"column":48}},"2":{"start":{"line":10,"column":56},"end":{"line":10,"column":68}},"3":{"start":{"line":12,"column":21},"end":{"line":20,"column":3}},"4":{"start":{"line":13,"column":4},"end":{"line":13,"column":22}},"5":{"start":{"line":13,"column":15},"end":{"line":13,"column":22}},"6":{"start":{"line":22,"column":2},"end":{"line":50,"column":4}},"7":{"start":{"line":53,"column":15},"end":{"line":88,"column":2}}},"fnMap":{"0":{"name":"PreferencesScreen","decl":{"start":{"line":7,"column":24},"end":{"line":7,"column":41}},"loc":{"start":{"line":7,"column":44},"end":{"line":51,"column":1}},"line":7},"1":{"name":"(anonymous_1)","decl":{"start":{"line":12,"column":21},"end":{"line":12,"column":22}},"loc":{"start":{"line":12,"column":33},"end":{"line":20,"column":3}},"line":12}},"branchMap":{"0":{"loc":{"start":{"line":13,"column":4},"end":{"line":13,"column":22}},"type":"if","locations":[{"start":{"line":13,"column":4},"end":{"line":13,"column":22}},{"start":{},"end":{}}],"line":13}},"s":{"0":0,"1":0,"2":0,"3":0,"4":0,"5":0,"6":0,"7":0},"f":{"0":0,"1":0},"b":{"0":[0,0]}}
,"/Users/sandrasanzgonzalez/Documents/Sushi App/src/screens/profile/ProfileScreen.tsx": {"path":"/Users/sandrasanzgonzalez/Documents/Sushi App/src/screens/profile/ProfileScreen.tsx","statementMap":{"0":{"start":{"line":14,"column":21},"end":{"line":14,"column":65}},"1":{"start":{"line":15,"column":28},"end":{"line":15,"column":37}},"2":{"start":{"line":16,"column":32},"end":{"line":16,"column":43}},"3":{"start":{"line":18,"column":24},"end":{"line":20,"column":3}},"4":{"start":{"line":19,"column":4},"end":{"line":19,"column":20}},"5":{"start":{"line":22,"column":2},"end":{"line":53,"column":4}},"6":{"start":{"line":33,"column":23},"end":{"line":33,"column":57}},"7":{"start":{"line":41,"column":23},"end":{"line":41,"column":54}},"8":{"start":{"line":56,"column":15},"end":{"line":102,"column":2}}},"fnMap":{"0":{"name":"ProfileScreen","decl":{"start":{"line":13,"column":24},"end":{"line":13,"column":37}},"loc":{"start":{"line":13,"column":40},"end":{"line":54,"column":1}},"line":13},"1":{"name":"(anonymous_1)","decl":{"start":{"line":18,"column":24},"end":{"line":18,"column":25}},"loc":{"start":{"line":18,"column":36},"end":{"line":20,"column":3}},"line":18},"2":{"name":"(anonymous_2)","decl":{"start":{"line":33,"column":17},"end":{"line":33,"column":18}},"loc":{"start":{"line":33,"column":23},"end":{"line":33,"column":57}},"line":33},"3":{"name":"(anonymous_3)","decl":{"start":{"line":41,"column":17},"end":{"line":41,"column":18}},"loc":{"start":{"line":41,"column":23},"end":{"line":41,"column":54}},"line":41}},"branchMap":{"0":{"loc":{"start":{"line":25,"column":36},"end":{"line":25,"column":58}},"type":"binary-expr","locations":[{"start":{"line":25,"column":36},"end":{"line":25,"column":47}},{"start":{"line":25,"column":51},"end":{"line":25,"column":58}}],"line":25},"1":{"loc":{"start":{"line":27,"column":19},"end":{"line":27,"column":61}},"type":"cond-expr","locations":[{"start":{"line":27,"column":37},"end":{"line":27,"column":46}},{"start":{"line":27,"column":49},"end":{"line":27,"column":61}}],"line":27},"2":{"loc":{"start":{"line":47,"column":7},"end":{"line":51,"column":7}},"type":"binary-expr","locations":[{"start":{"line":47,"column":7},"end":{"line":47,"column":11}},{"start":{"line":48,"column":8},"end":{"line":50,"column":27}}],"line":47}},"s":{"0":0,"1":0,"2":0,"3":0,"4":0,"5":0,"6":0,"7":0,"8":0},"f":{"0":0,"1":0,"2":0,"3":0},"b":{"0":[0,0],"1":[0,0],"2":[0,0]}}
,"/Users/sandrasanzgonzalez/Documents/Sushi App/src/screens/profile/SettingsScreen.tsx": {"path":"/Users/sandrasanzgonzalez/Documents/Sushi App/src/screens/profile/SettingsScreen.tsx","statementMap":{"0":{"start":{"line":9,"column":32},"end":{"line":9,"column":43}},"1":{"start":{"line":10,"column":19},"end":{"line":10,"column":28}},"2":{"start":{"line":11,"column":40},"end":{"line":11,"column":54}},"3":{"start":{"line":13,"column":2},"end":{"line":53,"column":4}},"4":{"start":{"line":20,"column":27},"end":{"line":20,"column":42}},"5":{"start":{"line":28,"column":27},"end":{"line":28,"column":42}},"6":{"start":{"line":56,"column":15},"end":{"line":112,"column":2}}},"fnMap":{"0":{"name":"SettingsScreen","decl":{"start":{"line":8,"column":24},"end":{"line":8,"column":38}},"loc":{"start":{"line":8,"column":41},"end":{"line":54,"column":1}},"line":8},"1":{"name":"(anonymous_1)","decl":{"start":{"line":20,"column":21},"end":{"line":20,"column":22}},"loc":{"start":{"line":20,"column":27},"end":{"line":20,"column":42}},"line":20},"2":{"name":"(anonymous_2)","decl":{"start":{"line":28,"column":21},"end":{"line":28,"column":22}},"loc":{"start":{"line":28,"column":27},"end":{"line":28,"column":42}},"line":28}},"branchMap":{"0":{"loc":{"start":{"line":19,"column":41},"end":{"line":19,"column":85}},"type":"binary-expr","locations":[{"start":{"line":19,"column":41},"end":{"line":19,"column":56}},{"start":{"line":19,"column":60},"end":{"line":19,"column":85}}],"line":19},"1":{"loc":{"start":{"line":22,"column":51},"end":{"line":22,"column":99}},"type":"binary-expr","locations":[{"start":{"line":22,"column":51},"end":{"line":22,"column":66}},{"start":{"line":22,"column":70},"end":{"line":22,"column":99}}],"line":22},"2":{"loc":{"start":{"line":27,"column":41},"end":{"line":27,"column":85}},"type":"binary-expr","locations":[{"start":{"line":27,"column":41},"end":{"line":27,"column":56}},{"start":{"line":27,"column":60},"end":{"line":27,"column":85}}],"line":27},"3":{"loc":{"start":{"line":30,"column":51},"end":{"line":30,"column":99}},"type":"binary-expr","locations":[{"start":{"line":30,"column":51},"end":{"line":30,"column":66}},{"start":{"line":30,"column":70},"end":{"line":30,"column":99}}],"line":30}},"s":{"0":0,"1":0,"2":0,"3":0,"4":0,"5":0,"6":0},"f":{"0":0,"1":0,"2":0},"b":{"0":[0,0],"1":[0,0],"2":[0,0],"3":[0,0]}}
,"/Users/sandrasanzgonzalez/Documents/Sushi App/src/services/foxy/foxyApi.ts": {"path":"/Users/sandrasanzgonzalez/Documents/Sushi App/src/services/foxy/foxyApi.ts","statementMap":{"0":{"start":{"line":18,"column":4},"end":{"line":18,"column":34}},"1":{"start":{"line":19,"column":4},"end":{"line":19,"column":42}},"2":{"start":{"line":23,"column":16},"end":{"line":23,"column":45}},"3":{"start":{"line":24,"column":33},"end":{"line":27,"column":5}},"4":{"start":{"line":29,"column":4},"end":{"line":31,"column":5}},"5":{"start":{"line":30,"column":6},"end":{"line":30,"column":62}},"6":{"start":{"line":33,"column":21},"end":{"line":36,"column":6}},"7":{"start":{"line":38,"column":4},"end":{"line":40,"column":5}},"8":{"start":{"line":39,"column":6},"end":{"line":39,"column":64}},"9":{"start":{"line":42,"column":4},"end":{"line":42,"column":27}},"10":{"start":{"line":48,"column":4},"end":{"line":48,"column":14}},"11":{"start":{"line":54,"column":4},"end":{"line":54,"column":14}},"12":{"start":{"line":60,"column":4},"end":{"line":60,"column":16}},"13":{"start":{"line":66,"column":4},"end":{"line":66,"column":14}},"14":{"start":{"line":70,"column":32},"end":{"line":73,"column":1}},"15":{"start":{"line":71,"column":18},"end":{"line":71,"column":35}},"16":{"start":{"line":72,"column":2},"end":{"line":72,"column":40}}},"fnMap":{"0":{"name":"(anonymous_0)","decl":{"start":{"line":17,"column":2},"end":{"line":17,"column":3}},"loc":{"start":{"line":17,"column":37},"end":{"line":20,"column":3}},"line":17},"1":{"name":"(anonymous_1)","decl":{"start":{"line":22,"column":2},"end":{"line":22,"column":3}},"loc":{"start":{"line":22,"column":69},"end":{"line":43,"column":3}},"line":22},"2":{"name":"(anonymous_2)","decl":{"start":{"line":45,"column":2},"end":{"line":45,"column":3}},"loc":{"start":{"line":45,"column":49},"end":{"line":49,"column":3}},"line":45},"3":{"name":"(anonymous_3)","decl":{"start":{"line":51,"column":2},"end":{"line":51,"column":3}},"loc":{"start":{"line":51,"column":65},"end":{"line":55,"column":3}},"line":51},"4":{"name":"(anonymous_4)","decl":{"start":{"line":57,"column":2},"end":{"line":57,"column":3}},"loc":{"start":{"line":57,"column":72},"end":{"line":61,"column":3}},"line":57},"5":{"name":"(anonymous_5)","decl":{"start":{"line":63,"column":2},"end":{"line":63,"column":3}},"loc":{"start":{"line":63,"column":67},"end":{"line":67,"column":3}},"line":63},"6":{"name":"(anonymous_6)","decl":{"start":{"line":70,"column":32},"end":{"line":70,"column":33}},"loc":{"start":{"line":70,"column":57},"end":{"line":73,"column":1}},"line":70}},"branchMap":{"0":{"loc":{"start":{"line":22,"column":42},"end":{"line":22,"column":67}},"type":"default-arg","locations":[{"start":{"line":22,"column":65},"end":{"line":22,"column":67}}],"line":22},"1":{"loc":{"start":{"line":29,"column":4},"end":{"line":31,"column":5}},"type":"if","locations":[{"start":{"line":29,"column":4},"end":{"line":31,"column":5}},{"start":{},"end":{}}],"line":29},"2":{"loc":{"start":{"line":38,"column":4},"end":{"line":40,"column":5}},"type":"if","locations":[{"start":{"line":38,"column":4},"end":{"line":40,"column":5}},{"start":{},"end":{}}],"line":38}},"s":{"0":0,"1":0,"2":0,"3":0,"4":0,"5":0,"6":0,"7":0,"8":0,"9":0,"10":0,"11":0,"12":0,"13":0,"14":0,"15":0,"16":0},"f":{"0":0,"1":0,"2":0,"3":0,"4":0,"5":0,"6":0},"b":{"0":[0],"1":[0,0],"2":[0,0]}}
,"/Users/sandrasanzgonzalez/Documents/Sushi App/src/services/foxy/foxyCheckout.ts": {"path":"/Users/sandrasanzgonzalez/Documents/Sushi App/src/services/foxy/foxyCheckout.ts","statementMap":{"0":{"start":{"line":6,"column":36},"end":{"line":34,"column":1}},"1":{"start":{"line":10,"column":20},"end":{"line":10,"column":43}},"2":{"start":{"line":11,"column":18},"end":{"line":11,"column":58}},"3":{"start":{"line":13,"column":22},"end":{"line":13,"column":43}},"4":{"start":{"line":16,"column":2},"end":{"line":21,"column":5}},"5":{"start":{"line":17,"column":4},"end":{"line":17,"column":50}},"6":{"start":{"line":18,"column":4},"end":{"line":18,"column":63}},"7":{"start":{"line":19,"column":4},"end":{"line":19,"column":50}},"8":{"start":{"line":20,"column":4},"end":{"line":20,"column":69}},"9":{"start":{"line":24,"column":2},"end":{"line":26,"column":3}},"10":{"start":{"line":25,"column":4},"end":{"line":25,"column":63}},"11":{"start":{"line":29,"column":2},"end":{"line":31,"column":3}},"12":{"start":{"line":30,"column":4},"end":{"line":30,"column":52}},"13":{"start":{"line":33,"column":2},"end":{"line":33,"column":48}},"14":{"start":{"line":36,"column":43},"end":{"line":51,"column":1}},"15":{"start":{"line":41,"column":2},"end":{"line":50,"column":4}},"16":{"start":{"line":42,"column":34},"end":{"line":47,"column":5}}},"fnMap":{"0":{"name":"(anonymous_0)","decl":{"start":{"line":6,"column":36},"end":{"line":6,"column":37}},"loc":{"start":{"line":9,"column":13},"end":{"line":34,"column":1}},"line":9},"1":{"name":"(anonymous_1)","decl":{"start":{"line":16,"column":23},"end":{"line":16,"column":24}},"loc":{"start":{"line":16,"column":40},"end":{"line":21,"column":3}},"line":16},"2":{"name":"(anonymous_2)","decl":{"start":{"line":36,"column":43},"end":{"line":36,"column":44}},"loc":{"start":{"line":40,"column":25},"end":{"line":51,"column":1}},"line":40},"3":{"name":"(anonymous_3)","decl":{"start":{"line":42,"column":25},"end":{"line":42,"column":26}},"loc":{"start":{"line":42,"column":34},"end":{"line":47,"column":5}},"line":42}},"branchMap":{"0":{"loc":{"start":{"line":24,"column":2},"end":{"line":26,"column":3}},"type":"if","locations":[{"start":{"line":24,"column":2},"end":{"line":26,"column":3}},{"start":{},"end":{}}],"line":24},"1":{"loc":{"start":{"line":29,"column":2},"end":{"line":31,"column":3}},"type":"if","locations":[{"start":{"line":29,"column":2},"end":{"line":31,"column":3}},{"start":{},"end":{}}],"line":29}},"s":{"0":0,"1":0,"2":0,"3":0,"4":0,"5":0,"6":0,"7":0,"8":0,"9":0,"10":0,"11":0,"12":0,"13":0,"14":0,"15":0,"16":0},"f":{"0":0,"1":0,"2":0,"3":0},"b":{"0":[0,0],"1":[0,0]}}
,"/Users/sandrasanzgonzalez/Documents/Sushi App/src/services/notifications/notificationHandler.ts": {"path":"/Users/sandrasanzgonzalez/Documents/Sushi App/src/services/notifications/notificationHandler.ts","statementMap":{"0":{"start":{"line":6,"column":38},"end":{"line":37,"column":1}},"1":{"start":{"line":7,"column":31},"end":{"line":7,"column":67}},"2":{"start":{"line":8,"column":27},"end":{"line":8,"column":63}},"3":{"start":{"line":10,"column":2},"end":{"line":36,"column":9}},"4":{"start":{"line":12,"column":4},"end":{"line":17,"column":6}},"5":{"start":{"line":14,"column":8},"end":{"line":14,"column":60}},"6":{"start":{"line":20,"column":4},"end":{"line":26,"column":6}},"7":{"start":{"line":22,"column":8},"end":{"line":22,"column":54}},"8":{"start":{"line":23,"column":21},"end":{"line":23,"column":63}},"9":{"start":{"line":28,"column":4},"end":{"line":35,"column":6}},"10":{"start":{"line":29,"column":6},"end":{"line":31,"column":7}},"11":{"start":{"line":30,"column":8},"end":{"line":30,"column":83}},"12":{"start":{"line":32,"column":6},"end":{"line":34,"column":7}},"13":{"start":{"line":33,"column":8},"end":{"line":33,"column":79}}},"fnMap":{"0":{"name":"(anonymous_0)","decl":{"start":{"line":6,"column":38},"end":{"line":6,"column":39}},"loc":{"start":{"line":6,"column":44},"end":{"line":37,"column":1}},"line":6},"1":{"name":"(anonymous_1)","decl":{"start":{"line":10,"column":12},"end":{"line":10,"column":13}},"loc":{"start":{"line":10,"column":18},"end":{"line":36,"column":3}},"line":10},"2":{"name":"(anonymous_2)","decl":{"start":{"line":13,"column":6},"end":{"line":13,"column":7}},"loc":{"start":{"line":13,"column":24},"end":{"line":16,"column":7}},"line":13},"3":{"name":"(anonymous_3)","decl":{"start":{"line":21,"column":6},"end":{"line":21,"column":7}},"loc":{"start":{"line":21,"column":20},"end":{"line":25,"column":7}},"line":21},"4":{"name":"(anonymous_4)","decl":{"start":{"line":28,"column":11},"end":{"line":28,"column":12}},"loc":{"start":{"line":28,"column":17},"end":{"line":35,"column":5}},"line":28}},"branchMap":{"0":{"loc":{"start":{"line":29,"column":6},"end":{"line":31,"column":7}},"type":"if","locations":[{"start":{"line":29,"column":6},"end":{"line":31,"column":7}},{"start":{},"end":{}}],"line":29},"1":{"loc":{"start":{"line":32,"column":6},"end":{"line":34,"column":7}},"type":"if","locations":[{"start":{"line":32,"column":6},"end":{"line":34,"column":7}},{"start":{},"end":{}}],"line":32}},"s":{"0":0,"1":0,"2":0,"3":0,"4":0,"5":0,"6":0,"7":0,"8":0,"9":0,"10":0,"11":0,"12":0,"13":0},"f":{"0":0,"1":0,"2":0,"3":0,"4":0},"b":{"0":[0,0],"1":[0,0]}}
[...]
,"/Users/sandrasanzgonzalez/Documents/Sushi App/src/services/supabase/database.types.ts": {"path":"/Users/sandrasanzgonzalez/Documents/Sushi App/src/services/supabase/database.types.ts","statementMap":{},"fnMap":{},"branchMap":{},"s":{},"f":{},"b":{}}
,"/Users/sandrasanzgonzalez/Documents/Sushi App/src/services/supabase/loyaltyService.ts": {"path":"/Users/sandrasanzgonzalez/Documents/Sushi App/src/services/supabase/loyaltyService.ts","statementMap":{"0":{"start":{"line":6,"column":30},"end":{"line":56,"column":1}},"1":{"start":{"line":8,"column":28},"end":{"line":12,"column":15}},"2":{"start":{"line":14,"column":4},"end":{"line":17,"column":5}},"3":{"start":{"line":15,"column":6},"end":{"line":15,"column":49}},"4":{"start":{"line":15,"column":37},"end":{"line":15,"column":49}},"5":{"start":{"line":16,"column":6},"end":{"line":16,"column":18}},"6":{"start":{"line":19,"column":4},"end":{"line":19,"column":27}},"7":{"start":{"line":23,"column":28},"end":{"line":27,"column":15}},"8":{"start":{"line":29,"column":4},"end":{"line":32,"column":5}},"9":{"start":{"line":30,"column":6},"end":{"line":30,"column":49}},"10":{"start":{"line":30,"column":37},"end":{"line":30,"column":49}},"11":{"start":{"line":31,"column":6},"end":{"line":31,"column":18}},"12":{"start":{"line":34,"column":4},"end":{"line":34,"column":27}},"13":{"start":{"line":38,"column":28},"end":{"line":42,"column":48}},"14":{"start":{"line":44,"column":4},"end":{"line":44,"column":27}},"15":{"start":{"line":44,"column":15},"end":{"line":44,"column":27}},"16":{"start":{"line":45,"column":4},"end":{"line":45,"column":40}},"17":{"start":{"line":49,"column":22},"end":{"line":52,"column":26}},"18":{"start":{"line":54,"column":4},"end":{"line":54,"column":27}},"19":{"start":{"line":54,"column":15},"end":{"line":54,"column":27}}},"fnMap":{"0":{"name":"(anonymous_0)","decl":{"start":{"line":7,"column":2},"end":{"line":7,"column":3}},"loc":{"start":{"line":7,"column":59},"end":{"line":20,"column":3}},"line":7},"1":{"name":"(anonymous_1)","decl":{"start":{"line":22,"column":2},"end":{"line":22,"column":3}},"loc":{"start":{"line":22,"column":67},"end":{"line":35,"column":3}},"line":22},"2":{"name":"(anonymous_2)","decl":{"start":{"line":37,"column":2},"end":{"line":37,"column":3}},"loc":{"start":{"line":37,"column":77},"end":{"line":46,"column":3}},"line":37},"3":{"name":"(anonymous_3)","decl":{"start":{"line":48,"column":2},"end":{"line":48,"column":3}},"loc":{"start":{"line":48,"column":79},"end":{"line":55,"column":3}},"line":48}},"branchMap":{"0":{"loc":{"start":{"line":14,"column":4},"end":{"line":17,"column":5}},"type":"if","locations":[{"start":{"line":14,"column":4},"end":{"line":17,"column":5}},{"start":{},"end":{}}],"line":14},"1":{"loc":{"start":{"line":15,"column":6},"end":{"line":15,"column":49}},"type":"if","locations":[{"start":{"line":15,"column":6},"end":{"line":15,"column":49}},{"start":{},"end":{}}],"line":15},"2":{"loc":{"start":{"line":29,"column":4},"end":{"line":32,"column":5}},"type":"if","locations":[{"start":{"line":29,"column":4},"end":{"line":32,"column":5}},{"start":{},"end":{}}],"line":29},"3":{"loc":{"start":{"line":30,"column":6},"end":{"line":30,"column":49}},"type":"if","locations":[{"start":{"line":30,"column":6},"end":{"line":30,"column":49}},{"start":{},"end":{}}],"line":30},"4":{"loc":{"start":{"line":44,"column":4},"end":{"line":44,"column":27}},"type":"if","locations":[{"start":{"line":44,"column":4},"end":{"line":44,"column":27}},{"start":{},"end":{}}],"line":44},"5":{"loc":{"start":{"line":54,"column":4},"end":{"line":54,"column":27}},"type":"if","locations":[{"start":{"line":54,"column":4},"end":{"line":54,"column":27}},{"start":{},"end":{}}],"line":54}},"s":{"0":2,"1":3,"2":3,"3":2,"4":1,"5":1,"6":1,"7":1,"8":1,"9":0,"10":0,"11":0,"12":1,"13":2,"14":2,"15":1,"16":1,"17":2,"18":2,"19":1},"f":{"0":3,"1":1,"2":2,"3":2},"b":{"0":[2,1],"1":[1,1],"2":[0,1],"3":[0,0],"4":[1,1],"5":[1,1]},"_coverageSchema":"1a1c01bbd47fc00a2c39e90264f33305004495a9","hash":"3f06da45fd724294790c157d3185e292a38f544d"}
,"/Users/sandrasanzgonzalez/Documents/Sushi App/src/services/supabase/profileService.ts": {"path":"/Users/sandrasanzgonzalez/Documents/Sushi App/src/services/supabase/profileService.ts","statementMap":{"0":{"start":{"line":6,"column":30},"end":{"line":30,"column":1}},"1":{"start":{"line":8,"column":28},"end":{"line":12,"column":15}},"2":{"start":{"line":14,"column":4},"end":{"line":17,"column":5}},"3":{"start":{"line":15,"column":6},"end":{"line":15,"column":49}},"4":{"start":{"line":15,"column":37},"end":{"line":15,"column":49}},"5":{"start":{"line":16,"column":6},"end":{"line":16,"column":18}},"6":{"start":{"line":19,"column":4},"end":{"line":19,"column":27}},"7":{"start":{"line":23,"column":22},"end":{"line":26,"column":26}},"8":{"start":{"line":28,"column":4},"end":{"line":28,"column":27}},"9":{"start":{"line":28,"column":15},"end":{"line":28,"column":27}}},"fnMap":{"0":{"name":"(anonymous_0)","decl":{"start":{"line":7,"column":2},"end":{"line":7,"column":3}},"loc":{"start":{"line":7,"column":59},"end":{"line":20,"column":3}},"line":7},"1":{"name":"(anonymous_1)","decl":{"start":{"line":22,"column":2},"end":{"line":22,"column":3}},"loc":{"start":{"line":22,"column":68},"end":{"line":29,"column":3}},"line":22}},"branchMap":{"0":{"loc":{"start":{"line":14,"column":4},"end":{"line":17,"column":5}},"type":"if","locations":[{"start":{"line":14,"column":4},"end":{"line":17,"column":5}},{"start":{},"end":{}}],"line":14},"1":{"loc":{"start":{"line":15,"column":6},"end":{"line":15,"column":49}},"type":"if","locations":[{"start":{"line":15,"column":6},"end":{"line":15,"column":49}},{"start":{},"end":{}}],"line":15},"2":{"loc":{"start":{"line":28,"column":4},"end":{"line":28,"column":27}},"type":"if","locations":[{"start":{"line":28,"column":4},"end":{"line":28,"column":27}},{"start":{},"end":{}}],"line":28}},"s":{"0":0,"1":0,"2":0,"3":0,"4":0,"5":0,"6":0,"7":0,"8":0,"9":0},"f":{"0":0,"1":0},"b":{"0":[0,0],"1":[0,0],"2":[0,0]}}
,"/Users/sandrasanzgonzalez/Documents/Sushi App/src/services/supabase/supabaseClient.ts": {"path":"/Users/sandrasanzgonzalez/Documents/Sushi App/src/services/supabase/supabaseClient.ts","statementMap":{"0":{"start":{"line":6,"column":20},"end":{"line":6,"column":93}},"1":{"start":{"line":7,"column":24},"end":{"line":7,"column":86}},"2":{"start":{"line":9,"column":0},"end":{"line":11,"column":1}},"3":{"start":{"line":10,"column":2},"end":{"line":10,"column":141}},"4":{"start":{"line":13,"column":24},"end":{"line":19,"column":2}}},"fnMap":{},"branchMap":{"0":{"loc":{"start":{"line":6,"column":20},"end":{"line":6,"column":93}},"type":"binary-expr","locations":[{"start":{"line":6,"column":20},"end":{"line":6,"column":56}},{"start":{"line":6,"column":60},"end":{"line":6,"column":93}}],"line":6},"1":{"loc":{"start":{"line":7,"column":24},"end":{"line":7,"column":86}},"type":"binary-expr","locations":[{"start":{"line":7,"column":24},"end":{"line":7,"column":65}},{"start":{"line":7,"column":69},"end":{"line":7,"column":86}}],"line":7},"2":{"loc":{"start":{"line":9,"column":0},"end":{"line":11,"column":1}},"type":"if","locations":[{"start":{"line":9,"column":0},"end":{"line":11,"column":1}},{"start":{},"end":{}}],"line":9},"3":{"loc":{"start":{"line":9,"column":4},"end":{"line":9,"column":87}},"type":"binary-expr","locations":[{"start":{"line":9,"column":4},"end":{"line":9,"column":41}},{"start":{"line":9,"column":45},"end":{"line":9,"column":87}}],"line":9}},"s":{"0":2,"1":2,"2":2,"3":2,"4":2},"f":{},"b":{"0":[2,2],"1":[2,2],"2":[2,0],"3":[2,0]},"_coverageSchema":"1a1c01bbd47fc00a2c39e90264f33305004495a9","hash":"85b5668430da12ce7562599847ac8c1789140858"}
,"/Users/sandrasanzgonzalez/Documents/Sushi App/src/services/webflow/webflowService.ts": {"path":"/Users/sandrasanzgonzalez/Documents/Sushi App/src/services/webflow/webflowService.ts","statementMap":{"0":{"start":{"line":7,"column":21},"end":{"line":7,"column":63}},"1":{"start":{"line":8,"column":26},"end":{"line":8,"column":73}},"2":{"start":{"line":14,"column":4},"end":{"line":14,"column":63}},"3":{"start":{"line":18,"column":16},"end":{"line":18,"column":33}},"4":{"start":{"line":19,"column":4},"end":{"line":23,"column":5}},"5":{"start":{"line":20,"column":6},"end":{"line":22,"column":9}},"6":{"start":{"line":21,"column":8},"end":{"line":21,"column":44}},"7":{"start":{"line":25,"column":21},"end":{"line":30,"column":6}},"8":{"start":{"line":32,"column":4},"end":{"line":35,"column":5}},"9":{"start":{"line":33,"column":20},"end":{"line":33,"column":83}},"10":{"start":{"line":33,"column":55},"end":{"line":33,"column":81}},"11":{"start":{"line":34,"column":6},"end":{"line":34,"column":64}},"12":{"start":{"line":37,"column":4},"end":{"line":37,"column":27}},"13":{"start":{"line":41,"column":43},"end":{"line":41,"column":53}},"14":{"start":{"line":42,"column":4},"end":{"line":44,"column":5}},"15":{"start":{"line":43,"column":6},"end":{"line":43,"column":37}},"16":{"start":{"line":45,"column":4},"end":{"line":45,"column":46}},"17":{"start":{"line":49,"column":4},"end":{"line":49,"column":50}},"18":{"start":{"line":54,"column":16},"end":{"line":54,"column":37}},"19":{"start":{"line":55,"column":4},"end":{"line":55,"column":50}},"20":{"start":{"line":57,"column":4},"end":{"line":57,"column":40}},"21":{"start":{"line":61,"column":30},"end":{"line":61,"column":50}}},"fnMap":{"0":{"name":"(anonymous_0)","decl":{"start":{"line":13,"column":2},"end":{"line":13,"column":3}},"loc":{"start":{"line":13,"column":16},"end":{"line":15,"column":3}},"line":13},"1":{"name":"(anonymous_1)","decl":{"start":{"line":17,"column":2},"end":{"line":17,"column":3}},"loc":{"start":{"line":17,"column":75},"end":{"line":38,"column":3}},"line":17},"2":{"name":"(anonymous_2)","decl":{"start":{"line":20,"column":37},"end":{"line":20,"column":38}},"loc":{"start":{"line":20,"column":55},"end":{"line":22,"column":7}},"line":20},"3":{"name":"(anonymous_3)","decl":{"start":{"line":33,"column":48},"end":{"line":33,"column":49}},"loc":{"start":{"line":33,"column":55},"end":{"line":33,"column":81}},"line":33},"4":{"name":"(anonymous_4)","decl":{"start":{"line":40,"column":2},"end":{"line":40,"column":3}},"loc":{"start":{"line":40,"column":86},"end":{"line":46,"column":3}},"line":40},"5":{"name":"(anonymous_5)","decl":{"start":{"line":48,"column":2},"end":{"line":48,"column":3}},"loc":{"start":{"line":48,"column":62},"end":{"line":50,"column":3}},"line":48},"6":{"name":"(anonymous_6)","decl":{"start":{"line":52,"column":2},"end":{"line":52,"column":3}},"loc":{"start":{"line":52,"column":52},"end":{"line":58,"column":3}},"line":52}},"branchMap":{"0":{"loc":{"start":{"line":7,"column":21},"end":{"line":7,"column":63}},"type":"binary-expr","locations":[{"start":{"line":7,"column":21},"end":{"line":7,"column":57}},{"start":{"line":7,"column":61},"end":{"line":7,"column":63}}],"line":7},"1":{"loc":{"start":{"line":8,"column":26},"end":{"line":8,"column":73}},"type":"binary-expr","locations":[{"start":{"line":8,"column":26},"end":{"line":8,"column":67}},{"start":{"line":8,"column":71},"end":{"line":8,"column":73}}],"line":8},"2":{"loc":{"start":{"line":19,"column":4},"end":{"line":23,"column":5}},"type":"if","locations":[{"start":{"line":19,"column":4},"end":{"line":23,"column":5}},{"start":{},"end":{}}],"line":19},"3":{"loc":{"start":{"line":32,"column":4},"end":{"line":35,"column":5}},"type":"if","locations":[{"start":{"line":32,"column":4},"end":{"line":35,"column":5}},{"start":{},"end":{}}],"line":32},"4":{"loc":{"start":{"line":34,"column":22},"end":{"line":34,"column":62}},"type":"binary-expr","locations":[{"start":{"line":34,"column":22},"end":{"line":34,"column":33}},{"start":{"line":34,"column":37},"end":{"line":34,"column":62}}],"line":34},"5":{"loc":{"start":{"line":42,"column":4},"end":{"line":44,"column":5}},"type":"if","locations":[{"start":{"line":42,"column":4},"end":{"line":44,"column":5}},{"start":{},"end":{}}],"line":42}},"s":{"0":0,"1":0,"2":0,"3":0,"4":0,"5":0,"6":0,"7":0,"8":0,"9":0,"10":0,"11":0,"12":0,"13":0,"14":0,"15":0,"16":0,"17":0,"18":0,"19":0,"20":0,"21":0},"f":{"0":0,"1":0,"2":0,"3":0,"4":0,"5":0,"6":0},"b":{"0":[0,0],"1":[0,0],"2":[0,0],"3":[0,0],"4":[0,0],"5":[0,0]}}
,"/Users/sandrasanzgonzalez/Documents/Sushi App/src/types/app.types.ts": {"path":"/Users/sandrasanzgonzalez/Documents/Sushi App/src/types/app.types.ts","statementMap":{},"fnMap":{},"branchMap":{},"s":{},"f":{},"b":{}}
,"/Users/sandrasanzgonzalez/Documents/Sushi App/src/types/foxy.types.ts": {"path":"/Users/sandrasanzgonzalez/Documents/Sushi App/src/types/foxy.types.ts","statementMap":{},"fnMap":{},"branchMap":{},"s":{},"f":{},"b":{}}
,"/Users/sandrasanzgonzalez/Documents/Sushi App/src/types/supabase.types.ts": {"path":"/Users/sandrasanzgonzalez/Documents/Sushi App/src/types/supabase.types.ts","statementMap":{},"fnMap":{},"branchMap":{},"s":{},"f":{},"b":{}}
,"/Users/sandrasanzgonzalez/Documents/Sushi App/src/types/webflow.types.ts": {"path":"/Users/sandrasanzgonzalez/Documents/Sushi App/src/types/webflow.types.ts","statementMap":{},"fnMap":{},"branchMap":{},"s":{},"f":{},"b":{}}
,"/Users/sandrasanzgonzalez/Documents/Sushi App/src/utils/constants.ts": {"path":"/Users/sandrasanzgonzalez/Documents/Sushi App/src/utils/constants.ts","statementMap":{"0":{"start":{"line":3,"column":23},"end":{"line":6,"column":10}},"1":{"start":{"line":8,"column":30},"end":{"line":13,"column":10}},"2":{"start":{"line":15,"column":29},"end":{"line":15,"column":50}},"3":{"start":{"line":17,"column":25},"end":{"line":20,"column":10}},"4":{"start":{"line":22,"column":31},"end":{"line":25,"column":10}}},"fnMap":{},"branchMap":{"0":{"loc":{"start":{"line":18,"column":6},"end":{"line":18,"column":52}},"type":"binary-expr","locations":[{"start":{"line":18,"column":6},"end":{"line":18,"column":46}},{"start":{"line":18,"column":50},"end":{"line":18,"column":52}}],"line":18},"1":{"loc":{"start":{"line":19,"column":6},"end":{"line":19,"column":52}},"type":"binary-expr","locations":[{"start":{"line":19,"column":6},"end":{"line":19,"column":46}},{"start":{"line":19,"column":50},"end":{"line":19,"column":52}}],"line":19},"2":{"loc":{"start":{"line":23,"column":6},"end":{"line":23,"column":66}},"type":"binary-expr","locations":[{"start":{"line":23,"column":6},"end":{"line":23,"column":47}},{"start":{"line":23,"column":51},"end":{"line":23,"column":66}}],"line":23},"3":{"loc":{"start":{"line":24,"column":6},"end":{"line":24,"column":66}},"type":"binary-expr","locations":[{"start":{"line":24,"column":6},"end":{"line":24,"column":47}},{"start":{"line":24,"column":51},"end":{"line":24,"column":66}}],"line":24}},"s":{"0":1,"1":1,"2":1,"3":1,"4":1},"f":{},"b":{"0":[1,1],"1":[1,1],"2":[1,1],"3":[1,1]},"_coverageSchema":"1a1c01bbd47fc00a2c39e90264f33305004495a9","hash":"73b04dd97305e598c1b96aa73cdcb414dc2ac005"}
,"/Users/sandrasanzgonzalez/Documents/Sushi App/src/utils/formatting.ts": {"path":"/Users/sandrasanzgonzalez/Documents/Sushi App/src/utils/formatting.ts","statementMap":{"0":{"start":{"line":3,"column":27},"end":{"line":5,"column":1}},"1":{"start":{"line":4,"column":2},"end":{"line":4,"column":42}},"2":{"start":{"line":7,"column":26},"end":{"line":14,"column":1}},"3":{"start":{"line":8,"column":15},"end":{"line":8,"column":35}},"4":{"start":{"line":9,"column":2},"end":{"line":13,"column":5}},"5":{"start":{"line":16,"column":30},"end":{"line":25,"column":1}},"6":{"start":{"line":17,"column":15},"end":{"line":17,"column":35}},"7":{"start":{"line":18,"column":2},"end":{"line":24,"column":5}},"8":{"start":{"line":27,"column":28},"end":{"line":29,"column":1}},"9":{"start":{"line":28,"column":2},"end":{"line":28,"column":40}},"10":{"start":{"line":31,"column":29},"end":{"line":33,"column":1}},"11":{"start":{"line":32,"column":2},"end":{"line":32,"column":22}},"12":{"start":{"line":35,"column":29},"end":{"line":40,"column":1}},"13":{"start":{"line":38,"column":17},"end":{"line":38,"column":40}},"14":{"start":{"line":39,"column":2},"end":{"line":39,"column":28}}},"fnMap":{"0":{"name":"(anonymous_0)","decl":{"start":{"line":3,"column":27},"end":{"line":3,"column":28}},"loc":{"start":{"line":3,"column":78},"end":{"line":5,"column":1}},"line":3},"1":{"name":"(anonymous_1)","decl":{"start":{"line":7,"column":26},"end":{"line":7,"column":27}},"loc":{"start":{"line":7,"column":58},"end":{"line":14,"column":1}},"line":7},"2":{"name":"(anonymous_2)","decl":{"start":{"line":16,"column":30},"end":{"line":16,"column":31}},"loc":{"start":{"line":16,"column":62},"end":{"line":25,"column":1}},"line":16},"3":{"name":"(anonymous_3)","decl":{"start":{"line":27,"column":28},"end":{"line":27,"column":29}},"loc":{"start":{"line":27,"column":56},"end":{"line":29,"column":1}},"line":27},"4":{"name":"(anonymous_4)","decl":{"start":{"line":31,"column":29},"end":{"line":31,"column":30}},"loc":{"start":{"line":31,"column":57},"end":{"line":33,"column":1}},"line":31},"5":{"name":"(anonymous_5)","decl":{"start":{"line":35,"column":29},"end":{"line":35,"column":30}},"loc":{"start":{"line":35,"column":56},"end":{"line":40,"column":1}},"line":35}},"branchMap":{"0":{"loc":{"start":{"line":3,"column":43},"end":{"line":3,"column":65}},"type":"default-arg","locations":[{"start":{"line":3,"column":62},"end":{"line":3,"column":65}}],"line":3}},"s":{"0":1,"1":8,"2":1,"3":1,"4":1,"5":1,"6":1,"7":1,"8":1,"9":3,"10":1,"11":4,"12":1,"13":6,"14":6},"f":{"0":8,"1":1,"2":1,"3":3,"4":4,"5":6},"b":{"0":[6]},"_coverageSchema":"1a1c01bbd47fc00a2c39e90264f33305004495a9","hash":"85ff7ec4c8750b6b6797f796de658280bbcf3db7"}
,"/Users/sandrasanzgonzalez/Documents/Sushi App/src/utils/validation.ts": {"path":"/Users/sandrasanzgonzalez/Documents/Sushi App/src/utils/validation.ts","statementMap":{"0":{"start":{"line":3,"column":28},"end":{"line":6,"column":1}},"1":{"start":{"line":4,"column":21},"end":{"line":4,"column":49}},"2":{"start":{"line":5,"column":2},"end":{"line":5,"column":32}},"3":{"start":{"line":8,"column":28},"end":{"line":11,"column":1}},"4":{"start":{"line":9,"column":21},"end":{"line":9,"column":40}},"5":{"start":{"line":10,"column":2},"end":{"line":10,"column":72}},"6":{"start":{"line":13,"column":29},"end":{"line":15,"column":1}},"7":{"start":{"line":14,"column":2},"end":{"line":14,"column":36}}},"fnMap":{"0":{"name":"(anonymous_0)","decl":{"start":{"line":3,"column":28},"end":{"line":3,"column":29}},"loc":{"start":{"line":3,"column":56},"end":{"line":6,"column":1}},"line":3},"1":{"name":"(anonymous_1)","decl":{"start":{"line":8,"column":28},"end":{"line":8,"column":29}},"loc":{"start":{"line":8,"column":56},"end":{"line":11,"column":1}},"line":8},"2":{"name":"(anonymous_2)","decl":{"start":{"line":13,"column":29},"end":{"line":13,"column":30}},"loc":{"start":{"line":13,"column":56},"end":{"line":15,"column":1}},"line":13}},"branchMap":{"0":{"loc":{"start":{"line":10,"column":9},"end":{"line":10,"column":71}},"type":"binary-expr","locations":[{"start":{"line":10,"column":9},"end":{"line":10,"column":31}},{"start":{"line":10,"column":35},"end":{"line":10,"column":71}}],"line":10}},"s":{"0":1,"1":8,"2":8,"3":1,"4":7,"5":7,"6":1,"7":3},"f":{"0":8,"1":7,"2":3},"b":{"0":[7,5]},"_coverageSchema":"1a1c01bbd47fc00a2c39e90264f33305004495a9","hash":"f61696d83c66b3ae83c5cd9f97beab1f9d465fdd"}
}
