TN:
SF:src/components/LoadingSpinner.tsx
FN:6,LoadingSpinner
FNF:1
FNH:1
FNDA:2,LoadingSpinner
DA:7,2
DA:14,1
LF:2
LH:2
BRF:0
BRH:0
end_of_record
TN:
SF:src/context/AuthContext.tsx
FN:15,(anonymous_0)
FN:19,(anonymous_1)
FN:22,(anonymous_2)
FN:26,(anonymous_3)
FN:34,(anonymous_4)
FN:39,(anonymous_5)
FN:42,(anonymous_6)
FN:54,(anonymous_7)
FNF:8
FNH:8
FNDA:24,(anonymous_0)
FNDA:11,(anonymous_1)
FNDA:10,(anonymous_2)
FNDA:1,(anonymous_3)
FNDA:6,(anonymous_4)
FNDA:11,(anonymous_5)
FNDA:1,(anonymous_6)
FNDA:15,(anonymous_7)
DA:13,2
DA:15,2
DA:16,24
DA:17,24
DA:19,24
DA:21,11
DA:23,10
DA:24,10
DA:27,1
DA:28,1
DA:34,11
DA:35,6
DA:36,6
DA:39,11
DA:42,24
DA:43,1
DA:44,1
DA:47,24
DA:54,2
DA:55,15
DA:56,15
DA:57,2
DA:59,13
LF:23
LH:23
BRDA:23,0,0,10
BRDA:23,0,1,8
BRDA:35,1,0,6
BRDA:35,1,1,5
BRDA:56,2,0,2
BRDA:56,2,1,13
BRF:6
BRH:6
end_of_record
TN:
SF:src/context/CartContext.tsx
FN:20,(anonymous_0)
FN:24,(anonymous_1)
FN:29,(anonymous_2)
FN:33,(anonymous_3)
FN:44,(anonymous_4)
FN:52,(anonymous_5)
FN:53,(anonymous_6)
FN:54,(anonymous_7)
FN:56,(anonymous_8)
FN:64,(anonymous_9)
FN:65,(anonymous_10)
FN:65,(anonymous_11)
FN:68,(anonymous_12)
FN:73,(anonymous_13)
FN:74,(anonymous_14)
FN:78,(anonymous_15)
FN:83,(anonymous_16)
FN:84,(anonymous_17)
FN:87,(anonymous_18)
FN:88,(anonymous_19)
FN:108,(anonymous_20)
FNF:21
FNH:21
FNDA:17,(anonymous_0)
FNDA:9,(anonymous_1)
FNDA:17,(anonymous_2)
FNDA:9,(anonymous_3)
FNDA:17,(anonymous_4)
FNDA:12,(anonymous_5)
FNDA:12,(anonymous_6)
FNDA:4,(anonymous_7)
FNDA:1,(anonymous_8)
FNDA:2,(anonymous_9)
FNDA:2,(anonymous_10)
FNDA:2,(anonymous_11)
FNDA:4,(anonymous_12)
FNDA:3,(anonymous_13)
FNDA:5,(anonymous_14)
FNDA:1,(anonymous_15)
FNDA:1,(anonymous_16)
FNDA:2,(anonymous_17)
FNDA:1,(anonymous_18)
FNDA:2,(anonymous_19)
FNDA:17,(anonymous_20)
DA:17,1
DA:18,1
DA:20,1
DA:21,17
DA:24,17
DA:25,9
DA:29,17
DA:30,17
DA:33,17
DA:34,9
DA:35,9
DA:36,9
DA:37,0
DA:40,0
DA:44,17
DA:45,17
DA:46,17
DA:48,0
DA:52,17
DA:53,12
DA:54,12
DA:55,12
DA:56,1
DA:57,1
DA:60,11
DA:64,17
DA:65,2
DA:68,17
DA:69,4
DA:70,1
DA:71,1
DA:73,3
DA:74,5
DA:78,17
DA:79,1
DA:80,1
DA:83,17
DA:84,2
DA:87,17
DA:88,2
DA:91,17
DA:108,1
DA:109,17
DA:110,17
DA:111,0
DA:113,17
LF:46
LH:42
BRDA:36,0,0,0
BRDA:36,0,1,9
BRDA:55,1,0,1
BRDA:55,1,1,11
BRDA:57,2,0,1
BRDA:57,2,1,0
BRDA:69,3,0,1
BRDA:69,3,1,3
BRDA:74,4,0,3
BRDA:74,4,1,2
BRDA:110,5,0,0
BRDA:110,5,1,17
BRF:12
BRH:9
end_of_record
TN:
SF:src/context/RegionContext.tsx
FN:15,(anonymous_0)
FN:18,(anonymous_1)
FN:22,(anonymous_2)
FN:33,(anonymous_3)
FN:49,(anonymous_4)
FNF:5
FNH:5
FNDA:9,(anonymous_0)
FNDA:6,(anonymous_1)
FNDA:6,(anonymous_2)
FNDA:2,(anonymous_3)
FNDA:11,(anonymous_4)
DA:12,1
DA:13,1
DA:15,1
DA:16,9
DA:18,9
DA:19,6
DA:22,9
DA:23,6
DA:24,6
DA:25,5
DA:26,1
DA:29,1
DA:33,9
DA:34,2
DA:35,2
DA:36,2
DA:38,1
DA:42,9
DA:49,1
DA:50,11
DA:51,11
DA:52,2
DA:54,9
LF:23
LH:23
BRDA:25,0,0,1
BRDA:25,0,1,4
BRDA:25,1,0,5
BRDA:25,1,1,2
BRDA:25,1,2,2
BRDA:51,2,0,2
BRDA:51,2,1,9
BRF:7
BRH:7
end_of_record
TN:
SF:src/hooks/useFoxyProducts.ts
FN:8,(anonymous_0)
FN:13,(anonymous_1)
FN:19,(anonymous_2)
FN:22,(anonymous_3)
FN:29,(anonymous_4)
FN:32,(anonymous_5)
FNF:6
FNH:0
FNDA:0,(anonymous_0)
FNDA:0,(anonymous_1)
FNDA:0,(anonymous_2)
FNDA:0,(anonymous_3)
FNDA:0,(anonymous_4)
FNDA:0,(anonymous_5)
DA:8,0
DA:9,0
DA:11,0
DA:13,0
DA:19,0
DA:20,0
DA:22,0
DA:29,0
DA:30,0
DA:32,0
LF:10
LH:0
BRF:0
BRH:0
end_of_record
TN:
SF:src/hooks/useLoyalty.ts
FN:9,(anonymous_0)
FN:15,(anonymous_1)
FN:21,(anonymous_2)
FNF:3
FNH:3
FNDA:11,(anonymous_0)
FNDA:6,(anonymous_1)
FNDA:4,(anonymous_2)
DA:9,1
DA:10,11
DA:11,11
DA:12,11
DA:13,11
DA:15,11
DA:16,6
DA:17,2
DA:18,2
DA:21,4
DA:22,4
DA:23,4
DA:24,3
DA:26,1
DA:28,4
DA:32,4
DA:35,11
LF:17
LH:17
BRDA:16,0,0,2
BRDA:16,0,1,4
BRF:2
BRH:2
end_of_record
TN:
SF:src/hooks/useOrderHistory.ts
FN:8,(anonymous_0)
FN:14,(anonymous_1)
FNF:2
FNH:0
FNDA:0,(anonymous_0)
FNDA:0,(anonymous_1)
DA:8,0
DA:9,0
DA:10,0
DA:11,0
DA:12,0
DA:14,0
DA:17,0
DA:18,0
DA:19,0
DA:22,0
DA:25,0
LF:11
LH:0
BRDA:17,0,0,0
BRDA:17,0,1,0
BRF:2
BRH:0
end_of_record
TN:
SF:src/navigation/AppTabs.tsx
FN:24,MenuStack
FN:52,OrdersStack
FN:70,LoyaltyStack
FN:93,ProfileStack
FN:115,AppTabs
FN:129,(anonymous_5)
FN:137,(anonymous_6)
FN:145,(anonymous_7)
FN:153,(anonymous_8)
FNF:9
FNH:0
FNDA:0,MenuStack
FNDA:0,OrdersStack
FNDA:0,LoyaltyStack
FNDA:0,ProfileStack
FNDA:0,AppTabs
FNDA:0,(anonymous_5)
FNDA:0,(anonymous_6)
FNDA:0,(anonymous_7)
FNDA:0,(anonymous_8)
DA:20,0
DA:21,0
DA:25,0
DA:53,0
DA:71,0
DA:94,0
DA:116,0
DA:129,0
DA:137,0
DA:145,0
DA:153,0
LF:11
LH:0
BRF:0
BRH:0
end_of_record
TN:
SF:src/navigation/AuthStack.tsx
FN:11,AuthStack
FNF:1
FNH:0
FNDA:0,AuthStack
DA:9,0
DA:12,0
LF:2
LH:0
BRF:0
BRH:0
end_of_record
TN:
SF:src/navigation/RootNavigator.tsx
FN:14,LoadingScreen
FN:22,RootNavigator
FNF:2
FNH:0
FNDA:0,LoadingScreen
FNDA:0,RootNavigator
DA:12,0
DA:15,0
DA:23,0
DA:25,0
DA:26,0
DA:29,0
DA:41,0
LF:7
LH:0
BRDA:25,0,0,0
BRDA:25,0,1,0
BRF:2
BRH:0
end_of_record
TN:
SF:src/screens/auth/LoginScreen.tsx
FN:12,LoginScreen
FN:18,(anonymous_1)
FN:61,(anonymous_2)
FNF:3
FNH:0
FNDA:0,LoginScreen
FNDA:0,(anonymous_1)
FNDA:0,(anonymous_2)
DA:13,0
DA:14,0
DA:15,0
DA:16,0
DA:18,0
DA:19,0
DA:20,0
DA:21,0
DA:24,0
DA:25,0
DA:26,0
DA:29,0
DA:31,0
DA:35,0
DA:61,0
DA:70,0
LF:16
LH:0
BRDA:19,0,0,0
BRDA:19,0,1,0
BRDA:19,1,0,0
BRDA:19,1,1,0
BRDA:29,2,0,0
BRDA:29,2,1,0
BRDA:54,3,0,0
BRDA:54,3,1,0
BRDA:58,4,0,0
BRDA:58,4,1,0
BRF:10
BRH:0
end_of_record
TN:
SF:src/screens/auth/SignupScreen.tsx
FN:13,SignupScreen
FN:21,(anonymous_1)
FN:82,(anonymous_2)
FNF:3
FNH:0
FNDA:0,SignupScreen
FNDA:0,(anonymous_1)
FNDA:0,(anonymous_2)
DA:14,0
DA:15,0
DA:16,0
DA:17,0
DA:18,0
DA:19,0
DA:21,0
DA:22,0
DA:23,0
DA:24,0
DA:27,0
DA:28,0
DA:29,0
DA:32,0
DA:33,0
DA:34,0
DA:37,0
DA:38,0
DA:39,0
DA:42,0
DA:44,0
DA:48,0
DA:82,0
DA:91,0
LF:24
LH:0
BRDA:22,0,0,0
BRDA:22,0,1,0
BRDA:22,1,0,0
BRDA:22,1,1,0
BRDA:27,2,0,0
BRDA:27,2,1,0
BRDA:32,3,0,0
BRDA:32,3,1,0
BRDA:42,4,0,0
BRDA:42,4,1,0
BRDA:75,5,0,0
BRDA:75,5,1,0
BRDA:79,6,0,0
BRDA:79,6,1,0
BRF:14
BRH:0
end_of_record
TN:
SF:src/screens/cart/CartScreen.tsx
FN:13,CartScreen
FN:17,(anonymous_1)
FN:25,(anonymous_2)
FN:32,(anonymous_3)
FN:54,(anonymous_4)
FN:64,(anonymous_5)
FNF:6
FNH:0
FNDA:0,CartScreen
FNDA:0,(anonymous_1)
FNDA:0,(anonymous_2)
FNDA:0,(anonymous_3)
FNDA:0,(anonymous_4)
FNDA:0,(anonymous_5)
DA:14,0
DA:15,0
DA:17,0
DA:18,0
DA:25,0
DA:32,0
DA:41,0
DA:42,0
DA:49,0
DA:54,0
DA:64,0
DA:73,0
LF:12
LH:0
BRDA:41,0,0,0
BRDA:41,0,1,0
BRF:2
BRH:0
end_of_record
TN:
SF:src/screens/cart/CheckoutScreen.tsx
FN:13,CheckoutScreen
FN:20,(anonymous_1)
FN:47,(anonymous_2)
FN:66,(anonymous_3)
FNF:4
FNH:0
FNDA:0,CheckoutScreen
FNDA:0,(anonymous_1)
FNDA:0,(anonymous_2)
FNDA:0,(anonymous_3)
DA:14,0
DA:15,0
DA:16,0
DA:17,0
DA:18,0
DA:20,0
DA:21,0
DA:22,0
DA:23,0
DA:26,0
DA:27,0
DA:28,0
DA:31,0
DA:32,0
DA:33,0
DA:34,0
DA:36,0
DA:38,0
DA:41,0
DA:48,0
DA:56,0
DA:58,0
DA:62,0
DA:67,0
DA:115,0
LF:25
LH:0
BRDA:17,0,0,0
BRDA:17,0,1,0
BRDA:21,1,0,0
BRDA:21,1,1,0
BRDA:21,2,0,0
BRDA:21,2,1,0
BRDA:26,3,0,0
BRDA:26,3,1,0
BRDA:38,4,0,0
BRDA:38,4,1,0
BRDA:56,5,0,0
BRDA:56,5,1,0
BRDA:93,6,0,0
BRDA:93,6,1,0
BRDA:101,7,0,0
BRDA:101,7,1,0
BRDA:105,8,0,0
BRDA:105,8,1,0
BRF:18
BRH:0
end_of_record
TN:
SF:src/screens/loyalty/LoyaltyScreen.tsx
FN:15,LoyaltyScreen
FN:58,(anonymous_1)
FN:68,(anonymous_2)
FNF:3
FNH:0
FNDA:0,LoyaltyScreen
FNDA:0,(anonymous_1)
FNDA:0,(anonymous_2)
DA:16,0
DA:17,0
DA:20,0
DA:21,0
DA:22,0
DA:25,0
DA:27,0
DA:58,0
DA:68,0
DA:76,0
LF:10
LH:0
BRDA:25,0,0,0
BRDA:25,0,1,0
BRDA:35,1,0,0
BRDA:35,1,1,0
BRDA:57,2,0,0
BRDA:57,2,1,0
BRDA:62,3,0,0
BRDA:62,3,1,0
BRF:8
BRH:0
end_of_record
TN:
SF:src/screens/loyalty/PointsHistoryScreen.tsx
FN:7,PointsHistoryScreen
FN:36,(anonymous_1)
FN:57,(anonymous_2)
FNF:3
FNH:0
FNDA:0,PointsHistoryScreen
FNDA:0,(anonymous_1)
FNDA:0,(anonymous_2)
DA:9,0
DA:36,0
DA:37,0
DA:38,0
DA:52,0
DA:57,0
DA:64,0
LF:7
LH:0
BRDA:42,0,0,0
BRDA:42,0,1,0
BRDA:43,1,0,0
BRDA:43,1,1,0
BRF:4
BRH:0
end_of_record
TN:
SF:src/screens/loyalty/RedeemPointsScreen.tsx
FN:9,RedeemPointsScreen
FN:21,(anonymous_1)
FN:51,(anonymous_2)
FN:58,(anonymous_3)
FNF:4
FNH:0
FNDA:0,RedeemPointsScreen
FNDA:0,(anonymous_1)
FNDA:0,(anonymous_2)
FNDA:0,(anonymous_3)
DA:10,0
DA:11,0
DA:14,0
DA:15,0
DA:21,0
DA:22,0
DA:23,0
DA:24,0
DA:27,0
DA:28,0
DA:31,0
DA:36,0
DA:38,0
DA:42,0
DA:52,0
DA:58,0
DA:80,0
LF:17
LH:0
BRDA:22,0,0,0
BRDA:22,0,1,0
BRDA:36,1,0,0
BRDA:36,1,1,0
BRDA:56,2,0,0
BRDA:56,2,1,0
BRDA:59,3,0,0
BRDA:59,3,1,0
BRDA:65,4,0,0
BRDA:65,4,1,0
BRDA:71,5,0,0
BRDA:71,5,1,0
BRF:12
BRH:0
end_of_record
TN:
SF:src/screens/menu/MenuScreen.tsx
FN:17,MenuScreen
FN:26,(anonymous_1)
FN:32,(anonymous_2)
FN:45,(anonymous_3)
FN:48,(anonymous_4)
FN:95,(anonymous_5)
FN:105,(anonymous_6)
FN:117,(anonymous_7)
FNF:8
FNH:0
FNDA:0,MenuScreen
FNDA:0,(anonymous_1)
FNDA:0,(anonymous_2)
FNDA:0,(anonymous_3)
FNDA:0,(anonymous_4)
FNDA:0,(anonymous_5)
FNDA:0,(anonymous_6)
FNDA:0,(anonymous_7)
DA:18,0
DA:19,0
DA:20,0
DA:21,0
DA:23,0
DA:24,0
DA:26,0
DA:27,0
DA:32,0
DA:45,0
DA:46,0
DA:48,0
DA:65,0
DA:66,0
DA:73,0
DA:74,0
DA:82,0
DA:95,0
DA:105,0
DA:117,0
DA:126,0
LF:21
LH:0
BRDA:30,0,0,0
BRDA:30,0,1,0
BRDA:32,1,0,0
BRDA:32,1,1,0
BRDA:37,2,0,0
BRDA:37,2,1,0
BRDA:50,3,0,0
BRDA:50,3,1,0
BRDA:55,4,0,0
BRDA:55,4,1,0
BRDA:65,5,0,0
BRDA:65,5,1,0
BRDA:65,6,0,0
BRDA:65,6,1,0
BRDA:73,7,0,0
BRDA:73,7,1,0
BRDA:86,8,0,0
BRDA:86,8,1,0
BRDA:89,9,0,0
BRDA:89,9,1,0
BRDA:89,9,2,0
BRDA:103,10,0,0
BRDA:103,10,1,0
BRDA:114,11,0,0
BRDA:114,11,1,0
BRF:25
BRH:0
end_of_record
TN:
SF:src/screens/menu/ProductDetailScreen.tsx
FN:17,ProductDetailScreen
FN:25,(anonymous_1)
FN:53,(anonymous_2)
FNF:3
FNH:0
FNDA:0,ProductDetailScreen
FNDA:0,(anonymous_1)
FNDA:0,(anonymous_2)
DA:18,0
DA:19,0
DA:20,0
DA:21,0
DA:23,0
DA:25,0
DA:26,0
DA:28,0
DA:35,0
DA:38,0
DA:39,0
DA:46,0
DA:47,0
DA:53,0
DA:61,0
DA:80,0
LF:16
LH:0
BRDA:26,0,0,0
BRDA:26,0,1,0
BRDA:38,1,0,0
BRDA:38,1,1,0
BRDA:46,2,0,0
BRDA:46,2,1,0
BRDA:46,3,0,0
BRDA:46,3,1,0
BRDA:50,4,0,0
BRDA:50,4,1,0
BRDA:63,5,0,0
BRDA:63,5,1,0
BRDA:69,6,0,0
BRDA:69,6,1,0
BRF:14
BRH:0
end_of_record
TN:
SF:src/screens/orders/OrderDetailScreen.tsx
FN:12,OrderDetailScreen
FN:42,(anonymous_1)
FNF:2
FNH:0
FNDA:0,OrderDetailScreen
FNDA:0,(anonymous_1)
DA:13,0
DA:14,0
DA:17,0
DA:32,0
DA:43,0
DA:74,0
LF:6
LH:0
BRF:0
BRH:0
end_of_record
TN:
SF:src/screens/orders/OrderHistoryScreen.tsx
FN:13,OrderHistoryScreen
FN:35,(anonymous_1)
FN:38,(anonymous_2)
FN:63,(anonymous_3)
FNF:4
FNH:0
FNDA:0,OrderHistoryScreen
FNDA:0,(anonymous_1)
FNDA:0,(anonymous_2)
FNDA:0,(anonymous_3)
DA:14,0
DA:15,0
DA:18,0
DA:35,0
DA:36,0
DA:38,0
DA:49,0
DA:50,0
DA:58,0
DA:63,0
DA:70,0
LF:11
LH:0
BRDA:49,0,0,0
BRDA:49,0,1,0
BRF:2
BRH:0
end_of_record
TN:
SF:src/screens/profile/PreferencesScreen.tsx
FN:7,PreferencesScreen
FN:12,(anonymous_1)
FNF:2
FNH:0
FNDA:0,PreferencesScreen
FNDA:0,(anonymous_1)
DA:8,0
DA:9,0
DA:10,0
DA:12,0
DA:13,0
DA:22,0
DA:53,0
LF:7
LH:0
BRDA:13,0,0,0
BRDA:13,0,1,0
BRF:2
BRH:0
end_of_record
TN:
SF:src/screens/profile/ProfileScreen.tsx
FN:13,ProfileScreen
FN:18,(anonymous_1)
FN:33,(anonymous_2)
FN:41,(anonymous_3)
FNF:4
FNH:0
FNDA:0,ProfileScreen
FNDA:0,(anonymous_1)
FNDA:0,(anonymous_2)
FNDA:0,(anonymous_3)
DA:14,0
DA:15,0
DA:16,0
DA:18,0
DA:19,0
DA:22,0
DA:33,0
DA:41,0
DA:56,0
LF:9
LH:0
BRDA:25,0,0,0
BRDA:25,0,1,0
BRDA:27,1,0,0
BRDA:27,1,1,0
BRDA:47,2,0,0
BRDA:47,2,1,0
BRF:6
BRH:0
end_of_record
TN:
SF:src/screens/profile/SettingsScreen.tsx
FN:8,SettingsScreen
FN:20,(anonymous_1)
FN:28,(anonymous_2)
FNF:3
FNH:0
FNDA:0,SettingsScreen
FNDA:0,(anonymous_1)
FNDA:0,(anonymous_2)
DA:9,0
DA:10,0
DA:11,0
DA:13,0
DA:20,0
DA:28,0
DA:56,0
LF:7
LH:0
BRDA:19,0,0,0
BRDA:19,0,1,0
BRDA:22,1,0,0
BRDA:22,1,1,0
BRDA:27,2,0,0
BRDA:27,2,1,0
BRDA:30,3,0,0
BRDA:30,3,1,0
BRF:8
BRH:0
end_of_record
TN:
SF:src/services/foxy/foxyApi.ts
FN:17,(anonymous_0)
FN:22,(anonymous_1)
FN:45,(anonymous_2)
FN:51,(anonymous_3)
FN:57,(anonymous_4)
FN:63,(anonymous_5)
FN:70,(anonymous_6)
FNF:7
FNH:0
FNDA:0,(anonymous_0)
FNDA:0,(anonymous_1)
FNDA:0,(anonymous_2)
FNDA:0,(anonymous_3)
FNDA:0,(anonymous_4)
FNDA:0,(anonymous_5)
FNDA:0,(anonymous_6)
DA:18,0
DA:19,0
DA:23,0
DA:24,0
DA:29,0
DA:30,0
DA:33,0
DA:38,0
DA:39,0
DA:42,0
DA:48,0
DA:54,0
DA:60,0
DA:66,0
DA:70,0
DA:71,0
DA:72,0
LF:17
LH:0
BRDA:22,0,0,0
BRDA:29,1,0,0
BRDA:29,1,1,0
BRDA:38,2,0,0
BRDA:38,2,1,0
BRF:5
BRH:0
end_of_record
TN:
SF:src/services/foxy/foxyCheckout.ts
FN:6,(anonymous_0)
FN:16,(anonymous_1)
FN:36,(anonymous_2)
FN:42,(anonymous_3)
FNF:4
FNH:0
FNDA:0,(anonymous_0)
FNDA:0,(anonymous_1)
FNDA:0,(anonymous_2)
FNDA:0,(anonymous_3)
DA:6,0
DA:10,0
DA:11,0
DA:13,0
DA:16,0
DA:17,0
DA:18,0
DA:19,0
DA:20,0
DA:24,0
DA:25,0
DA:29,0
DA:30,0
DA:33,0
DA:36,0
DA:41,0
DA:42,0
LF:17
LH:0
BRDA:24,0,0,0
BRDA:24,0,1,0
BRDA:29,1,0,0
BRDA:29,1,1,0
BRF:4
BRH:0
end_of_record
TN:
SF:src/services/notifications/notificationHandler.ts
FN:6,(anonymous_0)
FN:10,(anonymous_1)
FN:13,(anonymous_2)
FN:21,(anonymous_3)
FN:28,(anonymous_4)
FNF:5
FNH:0
FNDA:0,(anonymous_0)
FNDA:0,(anonymous_1)
FNDA:0,(anonymous_2)
FNDA:0,(anonymous_3)
FNDA:0,(anonymous_4)
DA:6,0
DA:7,0
DA:8,0
DA:10,0
DA:12,0
DA:14,0
DA:20,0
DA:22,0
DA:23,0
DA:28,0
DA:29,0
DA:30,0
DA:32,0
DA:33,0
LF:14
LH:0
BRDA:29,0,0,0
BRDA:29,0,1,0
BRDA:32,1,0,0
BRDA:32,1,1,0
BRF:4
BRH:0
end_of_record
TN:
SF:src/services/notifications/pushService.ts
FN:9,(anonymous_0)
FN:17,(anonymous_1)
FN:29,(anonymous_2)
FN:59,(anonymous_3)
FNF:4
FNH:0
FNDA:0,(anonymous_0)
FNDA:0,(anonymous_1)
FNDA:0,(anonymous_2)
FNDA:0,(anonymous_3)
DA:8,0
DA:9,0
DA:16,0
DA:18,0
DA:19,0
DA:21,0
DA:22,0
DA:23,0
DA:26,0
DA:30,0
DA:31,0
DA:32,0
DA:33,0
DA:36,0
DA:37,0
DA:41,0
DA:44,0
DA:45,0
DA:52,0
DA:54,0
DA:55,0
DA:60,0
LF:22
LH:0
BRDA:21,0,0,0
BRDA:21,0,1,0
BRDA:31,1,0,0
BRDA:31,1,1,0
BRDA:44,2,0,0
BRDA:44,2,1,0
BRDA:48,3,0,0
BRDA:48,3,1,0
BRF:8
BRH:0
end_of_record
TN:
SF:src/services/supabase/authService.ts
FN:19,(anonymous_0)
FN:37,(anonymous_1)
FN:49,(anonymous_2)
FN:54,(anonymous_3)
FN:59,(anonymous_4)
FNF:5
FNH:5
FNDA:2,(anonymous_0)
FNDA:2,(anonymous_1)
FNDA:2,(anonymous_2)
FNDA:1,(anonymous_3)
FNDA:3,(anonymous_4)
DA:18,1
DA:20,2
DA:22,2
DA:27,2
DA:30,1
DA:31,1
DA:34,1
DA:38,2
DA:40,2
DA:45,2
DA:46,1
DA:50,2
DA:51,2
DA:55,1
DA:56,1
DA:62,3
DA:68,3
DA:70,3
DA:71,3
DA:73,3
DA:79,3
DA:80,3
DA:81,3
DA:84,3
DA:85,2
DA:88,3
DA:90,1
DA:95,1
DA:98,2
DA:105,2
LF:30
LH:30
BRDA:27,0,0,1
BRDA:27,0,1,1
BRDA:30,1,0,1
BRDA:30,1,1,0
BRDA:45,2,0,1
BRDA:45,2,1,1
BRDA:51,3,0,1
BRDA:51,3,1,1
BRDA:68,4,0,0
BRDA:68,4,1,3
BRDA:68,5,0,3
BRDA:68,5,1,2
BRDA:70,6,0,3
BRDA:70,6,1,2
BRDA:71,7,0,3
BRDA:71,7,1,3
BRDA:75,8,0,3
BRDA:75,8,1,2
BRDA:79,9,0,3
BRDA:79,9,1,0
BRDA:84,10,0,2
BRDA:84,10,1,1
BRDA:88,11,0,1
BRDA:88,11,1,2
BRDA:95,12,0,0
BRDA:95,12,1,1
BRDA:105,13,0,0
BRDA:105,13,1,2
BRF:28
BRH:23
end_of_record
TN:
SF:src/services/supabase/database.types.ts
FNF:0
FNH:0
LF:0
LH:0
BRF:0
BRH:0
end_of_record
TN:
SF:src/services/supabase/loyaltyService.ts
FN:7,(anonymous_0)
FN:22,(anonymous_1)
FN:37,(anonymous_2)
FN:48,(anonymous_3)
FNF:4
FNH:4
FNDA:3,(anonymous_0)
FNDA:1,(anonymous_1)
FNDA:2,(anonymous_2)
FNDA:2,(anonymous_3)
DA:6,2
DA:8,3
DA:14,3
DA:15,2
DA:16,1
DA:19,1
DA:23,1
DA:29,1
DA:30,0
DA:31,0
DA:34,1
DA:38,2
DA:44,2
DA:45,1
DA:49,2
DA:54,2
LF:16
LH:14
BRDA:14,0,0,2
BRDA:14,0,1,1
BRDA:15,1,0,1
BRDA:15,1,1,1
BRDA:29,2,0,0
BRDA:29,2,1,1
BRDA:30,3,0,0
BRDA:30,3,1,0
BRDA:44,4,0,1
BRDA:44,4,1,1
BRDA:54,5,0,1
BRDA:54,5,1,1
BRF:12
BRH:9
end_of_record
TN:
SF:src/services/supabase/profileService.ts
FN:7,(anonymous_0)
FN:22,(anonymous_1)
FNF:2
FNH:0
FNDA:0,(anonymous_0)
FNDA:0,(anonymous_1)
DA:6,0
DA:8,0
DA:14,0
DA:15,0
DA:16,0
DA:19,0
DA:23,0
DA:28,0
LF:8
LH:0
BRDA:14,0,0,0
BRDA:14,0,1,0
BRDA:15,1,0,0
BRDA:15,1,1,0
BRDA:28,2,0,0
BRDA:28,2,1,0
BRF:6
BRH:0
end_of_record
TN:
SF:src/services/supabase/supabaseClient.ts
FNF:0
FNH:0
DA:6,2
DA:7,2
DA:9,2
DA:10,2
DA:13,2
LF:5
LH:5
BRDA:6,0,0,2
BRDA:6,0,1,2
BRDA:7,1,0,2
BRDA:7,1,1,2
BRDA:9,2,0,2
BRDA:9,2,1,0
BRDA:9,3,0,2
BRDA:9,3,1,0
BRF:8
BRH:6
end_of_record
TN:
SF:src/services/webflow/webflowService.ts
FN:13,(anonymous_0)
FN:17,(anonymous_1)
FN:20,(anonymous_2)
FN:33,(anonymous_3)
FN:40,(anonymous_4)
FN:48,(anonymous_5)
FN:52,(anonymous_6)
FNF:7
FNH:0
FNDA:0,(anonymous_0)
FNDA:0,(anonymous_1)
FNDA:0,(anonymous_2)
FNDA:0,(anonymous_3)
FNDA:0,(anonymous_4)
FNDA:0,(anonymous_5)
FNDA:0,(anonymous_6)
DA:7,0
DA:8,0
DA:14,0
DA:18,0
DA:19,0
DA:20,0
DA:21,0
DA:25,0
DA:32,0
DA:33,0
DA:34,0
DA:37,0
DA:41,0
DA:42,0
DA:43,0
DA:45,0
DA:49,0
DA:54,0
DA:55,0
DA:57,0
DA:61,0
LF:21
LH:0
BRDA:7,0,0,0
BRDA:7,0,1,0
BRDA:8,1,0,0
BRDA:8,1,1,0
BRDA:19,2,0,0
BRDA:19,2,1,0
BRDA:32,3,0,0
BRDA:32,3,1,0
BRDA:34,4,0,0
BRDA:34,4,1,0
BRDA:42,5,0,0
BRDA:42,5,1,0
BRF:12
BRH:0
end_of_record
TN:
SF:src/types/app.types.ts
FNF:0
FNH:0
LF:0
LH:0
BRF:0
BRH:0
end_of_record
TN:
SF:src/types/foxy.types.ts
FNF:0
FNH:0
LF:0
LH:0
BRF:0
BRH:0
end_of_record
TN:
SF:src/types/supabase.types.ts
FNF:0
FNH:0
LF:0
LH:0
BRF:0
BRH:0
end_of_record
TN:
SF:src/types/webflow.types.ts
FNF:0
FNH:0
LF:0
LH:0
BRF:0
BRH:0
end_of_record
TN:
SF:src/utils/constants.ts
FNF:0
FNH:0
DA:3,1
DA:8,1
DA:15,1
DA:17,1
DA:22,1
LF:5
LH:5
BRDA:18,0,0,1
BRDA:18,0,1,1
BRDA:19,1,0,1
BRDA:19,1,1,1
BRDA:23,2,0,1
BRDA:23,2,1,1
BRDA:24,3,0,1
BRDA:24,3,1,1
BRF:8
BRH:8
end_of_record
TN:
SF:src/utils/formatting.ts
FN:3,(anonymous_0)
FN:7,(anonymous_1)
FN:16,(anonymous_2)
FN:27,(anonymous_3)
FN:31,(anonymous_4)
FN:35,(anonymous_5)
FNF:6
FNH:6
FNDA:8,(anonymous_0)
FNDA:1,(anonymous_1)
FNDA:1,(anonymous_2)
FNDA:3,(anonymous_3)
FNDA:4,(anonymous_4)
FNDA:6,(anonymous_5)
DA:3,1
DA:4,8
DA:7,1
DA:8,1
DA:9,1
DA:16,1
DA:17,1
DA:18,1
DA:27,1
DA:28,3
DA:31,1
DA:32,4
DA:35,1
DA:38,6
DA:39,6
LF:15
LH:15
BRDA:3,0,0,6
BRF:1
BRH:1
end_of_record
TN:
SF:src/utils/validation.ts
FN:3,(anonymous_0)
FN:8,(anonymous_1)
FN:13,(anonymous_2)
FNF:3
FNH:3
FNDA:8,(anonymous_0)
FNDA:7,(anonymous_1)
FNDA:3,(anonymous_2)
DA:3,1
DA:4,8
DA:5,8
DA:8,1
DA:9,7
DA:10,7
DA:13,1
DA:14,3
LF:8
LH:8
BRDA:10,0,0,7
BRDA:10,0,1,5
BRF:2
BRH:2
end_of_record
